# JRE version: OpenJDK Runtime Environment Temurin-17.0.7+7 (17.0.7+7) (build 17.0.7+7)
# Java VM: OpenJDK 64-Bit Server VM Temurin-17.0.7+7 (17.0.7+7, mixed mode, tiered, compressed oops, compressed class ptrs, parallel gc, windows-amd64)
GC Precious Log:
 CPUs: 2 total, 2 available
 Memory: 2047M
 Large Page Support: Disabled
 NUMA Support: Disabled
 Compressed Oops: Enabled (32-bit)
 Alignments: Space 512K, Generation 512K, Heap 2M
 Heap Min Capacity: 100M
 Heap Initial Capacity: 100M
 Heap Max Capacity: 1G
 Pre-touch: Disabled
 Parallel Workers: 2
Heap:
 PSYoungGen      total 10752K, used 662K [0x00000000eab00000, 0x00000000ebd00000, 0x0000000100000000)
  eden space 10240K, 1% used [0x00000000eab00000,0x00000000eab25958,0x00000000eb500000)
  from space 512K, 100% used [0x00000000eb880000,0x00000000eb900000,0x00000000eb900000)
  to   space 3584K, 0% used [0x00000000eb500000,0x00000000eb500000,0x00000000eb880000)
 ParOldGen       total 68608K, used 51291K [0x00000000c0000000, 0x00000000c4300000, 0x00000000eab00000)
  object space 68608K, 74% used [0x00000000c0000000,0x00000000c3216ef8,0x00000000c4300000)
 Metaspace       used 64604K, committed 65600K, reserved 1114112K
  class space    used 7889K, committed 8384K, reserved 1048576K
GC Heap History (20 events):
Event: 31.039 GC heap before
{Heap before GC invocations=38 (full 3):
 PSYoungGen      total 12288K, used 12128K [0x00000000eab00000, 0x00000000ebc80000, 0x0000000100000000)
  eden space 11264K, 100% used [0x00000000eab00000,0x00000000eb600000,0x00000000eb600000)
  from space 1024K, 84% used [0x00000000ebb80000,0x00000000ebc58000,0x00000000ebc80000)
  to   space 1024K, 0% used [0x00000000eba80000,0x00000000eba80000,0x00000000ebb80000)
 ParOldGen       total 68608K, used 36926K [0x00000000c0000000, 0x00000000c4300000, 0x00000000eab00000)
  object space 68608K, 53% used [0x00000000c0000000,0x00000000c240f9d0,0x00000000c4300000)
 Metaspace       used 63156K, committed 64192K, reserved 1114112K
  class space    used 7747K, committed 8256K, reserved 1048576K
}
Event: 31.042 GC heap after
{Heap after GC invocations=38 (full 3):
 PSYoungGen      total 12288K, used 224K [0x00000000eab00000, 0x00000000ebc00000, 0x0000000100000000)
  eden space 11264K, 0% used [0x00000000eab00000,0x00000000eab00000,0x00000000eb600000)
  from space 1024K, 21% used [0x00000000eba80000,0x00000000ebab8000,0x00000000ebb80000)
  to   space 512K, 0% used [0x00000000ebb80000,0x00000000ebb80000,0x00000000ebc00000)
 ParOldGen       total 68608K, used 37710K [0x00000000c0000000, 0x00000000c4300000, 0x00000000eab00000)
  object space 68608K, 54% used [0x00000000c0000000,0x00000000c24d39d0,0x00000000c4300000)
 Metaspace       used 63156K, committed 64192K, reserved 1114112K
  class space    used 7747K, committed 8256K, reserved 1048576K
}
Event: 33.069 GC heap before
{Heap before GC invocations=39 (full 3):
 PSYoungGen      total 12288K, used 9623K [0x00000000eab00000, 0x00000000ebc00000, 0x0000000100000000)
  eden space 11264K, 83% used [0x00000000eab00000,0x00000000eb42dc20,0x00000000eb600000)
  from space 1024K, 21% used [0x00000000eba80000,0x00000000ebab8000,0x00000000ebb80000)
  to   space 512K, 0% used [0x00000000ebb80000,0x00000000ebb80000,0x00000000ebc00000)
 ParOldGen       total 68608K, used 37710K [0x00000000c0000000, 0x00000000c4300000, 0x00000000eab00000)
  object space 68608K, 54% used [0x00000000c0000000,0x00000000c24d39d0,0x00000000c4300000)
 Metaspace       used 63927K, committed 64960K, reserved 1114112K
  class space    used 7837K, committed 8320K, reserved 1048576K
}
Event: 33.076 GC heap after
{Heap after GC invocations=39 (full 3):
 PSYoungGen      total 11776K, used 496K [0x00000000eab00000, 0x00000000ebc00000, 0x0000000100000000)
  eden space 11264K, 0% used [0x00000000eab00000,0x00000000eab00000,0x00000000eb600000)
  from space 512K, 96% used [0x00000000ebb80000,0x00000000ebbfc010,0x00000000ebc00000)
  to   space 1024K, 0% used [0x00000000eba00000,0x00000000eba00000,0x00000000ebb00000)
 ParOldGen       total 68608K, used 38012K [0x00000000c0000000, 0x00000000c4300000, 0x00000000eab00000)
  object space 68608K, 55% used [0x00000000c0000000,0x00000000c251f170,0x00000000c4300000)
 Metaspace       used 63927K, committed 64960K, reserved 1114112K
  class space    used 7837K, committed 8320K, reserved 1048576K
}
Event: 33.178 GC heap before
{Heap before GC invocations=40 (full 3):
 PSYoungGen      total 11776K, used 11760K [0x00000000eab00000, 0x00000000ebc00000, 0x0000000100000000)
  eden space 11264K, 100% used [0x00000000eab00000,0x00000000eb600000,0x00000000eb600000)
  from space 512K, 96% used [0x00000000ebb80000,0x00000000ebbfc010,0x00000000ebc00000)
  to   space 1024K, 0% used [0x00000000eba00000,0x00000000eba00000,0x00000000ebb00000)
 ParOldGen       total 68608K, used 38012K [0x00000000c0000000, 0x00000000c4300000, 0x00000000eab00000)
  object space 68608K, 55% used [0x00000000c0000000,0x00000000c251f170,0x00000000c4300000)
 Metaspace       used 63932K, committed 64960K, reserved 1114112K
  class space    used 7837K, committed 8320K, reserved 1048576K
}
Event: 33.193 GC heap after
{Heap after GC invocations=40 (full 3):
 PSYoungGen      total 12288K, used 992K [0x00000000eab00000, 0x00000000ec100000, 0x0000000100000000)
  eden space 11264K, 0% used [0x00000000eab00000,0x00000000eab00000,0x00000000eb600000)
  from space 1024K, 96% used [0x00000000eba00000,0x00000000ebaf83d0,0x00000000ebb00000)
  to   space 5632K, 0% used [0x00000000ebb80000,0x00000000ebb80000,0x00000000ec100000)
 ParOldGen       total 68608K, used 41593K [0x00000000c0000000, 0x00000000c4300000, 0x00000000eab00000)
  object space 68608K, 60% used [0x00000000c0000000,0x00000000c289e550,0x00000000c4300000)
 Metaspace       used 63932K, committed 64960K, reserved 1114112K
  class space    used 7837K, committed 8320K, reserved 1048576K
}
Event: 33.483 GC heap before
{Heap before GC invocations=41 (full 3):
 PSYoungGen      total 12288K, used 12256K [0x00000000eab00000, 0x00000000ec100000, 0x0000000100000000)
  eden space 11264K, 100% used [0x00000000eab00000,0x00000000eb600000,0x00000000eb600000)
  from space 1024K, 96% used [0x00000000eba00000,0x00000000ebaf83d0,0x00000000ebb00000)
  to   space 5632K, 0% used [0x00000000ebb80000,0x00000000ebb80000,0x00000000ec100000)
 ParOldGen       total 68608K, used 41593K [0x00000000c0000000, 0x00000000c4300000, 0x00000000eab00000)
  object space 68608K, 60% used [0x00000000c0000000,0x00000000c289e550,0x00000000c4300000)
 Metaspace       used 64397K, committed 65472K, reserved 1114112K
  class space    used 7884K, committed 8384K, reserved 1048576K
}
Event: 33.486 GC heap after
{Heap after GC invocations=41 (full 3):
 PSYoungGen      total 11776K, used 174K [0x00000000eab00000, 0x00000000ebc00000, 0x0000000100000000)
  eden space 11264K, 0% used [0x00000000eab00000,0x00000000eab00000,0x00000000eb600000)
  from space 512K, 34% used [0x00000000ebb80000,0x00000000ebbab970,0x00000000ebc00000)
  to   space 2048K, 0% used [0x00000000eb800000,0x00000000eb800000,0x00000000eba00000)
 ParOldGen       total 68608K, used 42515K [0x00000000c0000000, 0x00000000c4300000, 0x00000000eab00000)
  object space 68608K, 61% used [0x00000000c0000000,0x00000000c2984fb0,0x00000000c4300000)
 Metaspace       used 64397K, committed 65472K, reserved 1114112K
  class space    used 7884K, committed 8384K, reserved 1048576K
}
Event: 34.093 GC heap before
{Heap before GC invocations=42 (full 3):
 PSYoungGen      total 11776K, used 11438K [0x00000000eab00000, 0x00000000ebc00000, 0x0000000100000000)
  eden space 11264K, 100% used [0x00000000eab00000,0x00000000eb600000,0x00000000eb600000)
  from space 512K, 34% used [0x00000000ebb80000,0x00000000ebbab970,0x00000000ebc00000)
  to   space 2048K, 0% used [0x00000000eb800000,0x00000000eb800000,0x00000000eba00000)
 ParOldGen       total 68608K, used 42515K [0x00000000c0000000, 0x00000000c4300000, 0x00000000eab00000)
  object space 68608K, 61% used [0x00000000c0000000,0x00000000c2984fb0,0x00000000c4300000)
 Metaspace       used 64576K, committed 65600K, reserved 1114112K
  class space    used 7889K, committed 8384K, reserved 1048576K
}
Event: 34.104 GC heap after
{Heap after GC invocations=42 (full 3):
 PSYoungGen      total 13312K, used 1558K [0x00000000eab00000, 0x00000000ebc00000, 0x0000000100000000)
  eden space 11264K, 0% used [0x00000000eab00000,0x00000000eab00000,0x00000000eb600000)
  from space 2048K, 76% used [0x00000000eb800000,0x00000000eb985808,0x00000000eba00000)
  to   space 2048K, 0% used [0x00000000eba00000,0x00000000eba00000,0x00000000ebc00000)
 ParOldGen       total 68608K, used 42664K [0x00000000c0000000, 0x00000000c4300000, 0x00000000eab00000)
  object space 68608K, 62% used [0x00000000c0000000,0x00000000c29aa0a8,0x00000000c4300000)
 Metaspace       used 64576K, committed 65600K, reserved 1114112K
  class space    used 7889K, committed 8384K, reserved 1048576K
}
Event: 34.634 GC heap before
{Heap before GC invocations=43 (full 3):
 PSYoungGen      total 13312K, used 12822K [0x00000000eab00000, 0x00000000ebc00000, 0x0000000100000000)
  eden space 11264K, 100% used [0x00000000eab00000,0x00000000eb600000,0x00000000eb600000)
  from space 2048K, 76% used [0x00000000eb800000,0x00000000eb985808,0x00000000eba00000)
  to   space 2048K, 0% used [0x00000000eba00000,0x00000000eba00000,0x00000000ebc00000)
 ParOldGen       total 68608K, used 42664K [0x00000000c0000000, 0x00000000c4300000, 0x00000000eab00000)
  object space 68608K, 62% used [0x00000000c0000000,0x00000000c29aa0a8,0x00000000c4300000)
 Metaspace       used 64578K, committed 65600K, reserved 1114112K
  class space    used 7889K, committed 8384K, reserved 1048576K
}
Event: 34.654 GC heap after
{Heap after GC invocations=43 (full 3):
 PSYoungGen      total 13312K, used 2028K [0x00000000eab00000, 0x00000000ebc00000, 0x0000000100000000)
  eden space 11264K, 0% used [0x00000000eab00000,0x00000000eab00000,0x00000000eb600000)
  from space 2048K, 99% used [0x00000000eba00000,0x00000000ebbfb008,0x00000000ebc00000)
  to   space 2560K, 0% used [0x00000000eb700000,0x00000000eb700000,0x00000000eb980000)
 ParOldGen       total 68608K, used 44160K [0x00000000c0000000, 0x00000000c4300000, 0x00000000eab00000)
  object space 68608K, 64% used [0x00000000c0000000,0x00000000c2b200a8,0x00000000c4300000)
 Metaspace       used 64578K, committed 65600K, reserved 1114112K
  class space    used 7889K, committed 8384K, reserved 1048576K
}
Event: 35.189 GC heap before
{Heap before GC invocations=44 (full 3):
 PSYoungGen      total 13312K, used 13292K [0x00000000eab00000, 0x00000000ebc00000, 0x0000000100000000)
  eden space 11264K, 100% used [0x00000000eab00000,0x00000000eb600000,0x00000000eb600000)
  from space 2048K, 99% used [0x00000000eba00000,0x00000000ebbfb008,0x00000000ebc00000)
  to   space 2560K, 0% used [0x00000000eb700000,0x00000000eb700000,0x00000000eb980000)
 ParOldGen       total 68608K, used 44160K [0x00000000c0000000, 0x00000000c4300000, 0x00000000eab00000)
  object space 68608K, 64% used [0x00000000c0000000,0x00000000c2b200a8,0x00000000c4300000)
 Metaspace       used 64588K, committed 65600K, reserved 1114112K
  class space    used 7889K, committed 8384K, reserved 1048576K
}
Event: 35.200 GC heap after
{Heap after GC invocations=44 (full 3):
 PSYoungGen      total 12800K, used 1408K [0x00000000eab00000, 0x00000000eba80000, 0x0000000100000000)
  eden space 11264K, 0% used [0x00000000eab00000,0x00000000eab00000,0x00000000eb600000)
  from space 1536K, 91% used [0x00000000eb700000,0x00000000eb8603b8,0x00000000eb880000)
  to   space 2048K, 0% used [0x00000000eb880000,0x00000000eb880000,0x00000000eba80000)
 ParOldGen       total 68608K, used 46059K [0x00000000c0000000, 0x00000000c4300000, 0x00000000eab00000)
  object space 68608K, 67% used [0x00000000c0000000,0x00000000c2cfacc8,0x00000000c4300000)
 Metaspace       used 64588K, committed 65600K, reserved 1114112K
  class space    used 7889K, committed 8384K, reserved 1048576K
}
Event: 35.482 GC heap before
{Heap before GC invocations=45 (full 3):
 PSYoungGen      total 12800K, used 12672K [0x00000000eab00000, 0x00000000eba80000, 0x0000000100000000)
  eden space 11264K, 100% used [0x00000000eab00000,0x00000000eb600000,0x00000000eb600000)
  from space 1536K, 91% used [0x00000000eb700000,0x00000000eb8603b8,0x00000000eb880000)
  to   space 2048K, 0% used [0x00000000eb880000,0x00000000eb880000,0x00000000eba80000)
 ParOldGen       total 68608K, used 46059K [0x00000000c0000000, 0x00000000c4300000, 0x00000000eab00000)
  object space 68608K, 67% used [0x00000000c0000000,0x00000000c2cfacc8,0x00000000c4300000)
 Metaspace       used 64590K, committed 65600K, reserved 1114112K
  class space    used 7889K, committed 8384K, reserved 1048576K
}
Event: 35.491 GC heap after
{Heap after GC invocations=45 (full 3):
 PSYoungGen      total 12800K, used 1344K [0x00000000eab00000, 0x00000000eba00000, 0x0000000100000000)
  eden space 11264K, 0% used [0x00000000eab00000,0x00000000eab00000,0x00000000eb600000)
  from space 1536K, 87% used [0x00000000eb880000,0x00000000eb9d0000,0x00000000eba00000)
  to   space 1536K, 0% used [0x00000000eb700000,0x00000000eb700000,0x00000000eb880000)
 ParOldGen       total 68608K, used 47368K [0x00000000c0000000, 0x00000000c4300000, 0x00000000eab00000)
  object space 68608K, 69% used [0x00000000c0000000,0x00000000c2e422e0,0x00000000c4300000)
 Metaspace       used 64590K, committed 65600K, reserved 1114112K
  class space    used 7889K, committed 8384K, reserved 1048576K
}
Event: 35.655 GC heap before
{Heap before GC invocations=46 (full 3):
 PSYoungGen      total 12800K, used 12607K [0x00000000eab00000, 0x00000000eba00000, 0x0000000100000000)
  eden space 11264K, 99% used [0x00000000eab00000,0x00000000eb5ffff0,0x00000000eb600000)
  from space 1536K, 87% used [0x00000000eb880000,0x00000000eb9d0000,0x00000000eba00000)
  to   space 1536K, 0% used [0x00000000eb700000,0x00000000eb700000,0x00000000eb880000)
 ParOldGen       total 68608K, used 47368K [0x00000000c0000000, 0x00000000c4300000, 0x00000000eab00000)
  object space 68608K, 69% used [0x00000000c0000000,0x00000000c2e422e0,0x00000000c4300000)
 Metaspace       used 64598K, committed 65600K, reserved 1114112K
  class space    used 7889K, committed 8384K, reserved 1048576K
}
Event: 35.665 GC heap after
{Heap after GC invocations=46 (full 3):
 PSYoungGen      total 12800K, used 1408K [0x00000000eab00000, 0x00000000eb900000, 0x0000000100000000)
  eden space 11264K, 0% used [0x00000000eab00000,0x00000000eab00000,0x00000000eb600000)
  from space 1536K, 91% used [0x00000000eb700000,0x00000000eb860000,0x00000000eb880000)
  to   space 512K, 0% used [0x00000000eb880000,0x00000000eb880000,0x00000000eb900000)
 ParOldGen       total 68608K, used 48712K [0x00000000c0000000, 0x00000000c4300000, 0x00000000eab00000)
  object space 68608K, 71% used [0x00000000c0000000,0x00000000c2f922e0,0x00000000c4300000)
 Metaspace       used 64598K, committed 65600K, reserved 1114112K
  class space    used 7889K, committed 8384K, reserved 1048576K
}
Event: 35.758 GC heap before
{Heap before GC invocations=47 (full 3):
 PSYoungGen      total 12800K, used 12672K [0x00000000eab00000, 0x00000000eb900000, 0x0000000100000000)
  eden space 11264K, 100% used [0x00000000eab00000,0x00000000eb600000,0x00000000eb600000)
  from space 1536K, 91% used [0x00000000eb700000,0x00000000eb860000,0x00000000eb880000)
  to   space 512K, 0% used [0x00000000eb880000,0x00000000eb880000,0x00000000eb900000)
 ParOldGen       total 68608K, used 48712K [0x00000000c0000000, 0x00000000c4300000, 0x00000000eab00000)
  object space 68608K, 71% used [0x00000000c0000000,0x00000000c2f922e0,0x00000000c4300000)
 Metaspace       used 64603K, committed 65600K, reserved 1114112K
  class space    used 7889K, committed 8384K, reserved 1048576K
}
Event: 35.767 GC heap after
{Heap after GC invocations=47 (full 3):
 PSYoungGen      total 10752K, used 512K [0x00000000eab00000, 0x00000000ebd00000, 0x0000000100000000)
  eden space 10240K, 0% used [0x00000000eab00000,0x00000000eab00000,0x00000000eb500000)
  from space 512K, 100% used [0x00000000eb880000,0x00000000eb900000,0x00000000eb900000)
  to   space 3584K, 0% used [0x00000000eb500000,0x00000000eb500000,0x00000000eb880000)
 ParOldGen       total 68608K, used 51291K [0x00000000c0000000, 0x00000000c4300000, 0x00000000eab00000)
  object space 68608K, 74% used [0x00000000c0000000,0x00000000c3216ef8,0x00000000c4300000)
 Metaspace       used 64603K, committed 65600K, reserved 1114112K
  class space    used 7889K, committed 8384K, reserved 1048576K
}

