# JRE version: OpenJDK Runtime Environment Temurin-17.0.7+7 (17.0.7+7) (build 17.0.7+7)
# Java VM: OpenJDK 64-Bit Server VM Temurin-17.0.7+7 (17.0.7+7, mixed mode, tiered, compressed oops, compressed class ptrs, parallel gc, windows-amd64)
GC Precious Log:
 CPUs: 2 total, 2 available
 Memory: 2047M
 Large Page Support: Disabled
 NUMA Support: Disabled
 Compressed Oops: Enabled (32-bit)
 Alignments: Space 512K, Generation 512K, Heap 2M
 Heap Min Capacity: 100M
 Heap Initial Capacity: 100M
 Heap Max Capacity: 1G
 Pre-touch: Disabled
 Parallel Workers: 2
Heap:
 PSYoungGen      total 21504K, used 13609K [0x00000000eab00000, 0x00000000ec300000, 0x0000000100000000)
  eden space 20480K, 61% used [0x00000000eab00000,0x00000000eb751270,0x00000000ebf00000)
  from space 1024K, 97% used [0x00000000ec000000,0x00000000ec0f94a8,0x00000000ec100000)
  to   space 2048K, 0% used [0x00000000ec100000,0x00000000ec100000,0x00000000ec300000)
 ParOldGen       total 68608K, used 36722K [0x00000000c0000000, 0x00000000c4300000, 0x00000000eab00000)
  object space 68608K, 53% used [0x00000000c0000000,0x00000000c23dc8a8,0x00000000c4300000)
 Metaspace       used 62744K, committed 63680K, reserved 1114112K
  class space    used 7318K, committed 7744K, reserved 1048576K
GC Heap History (20 events):
Event: 21.029 GC heap before
{Heap before GC invocations=18 (full 2):
 PSYoungGen      total 24576K, used 24545K [0x00000000eab00000, 0x00000000ecd80000, 0x0000000100000000)
  eden space 22016K, 99% used [0x00000000eab00000,0x00000000ec07fec8,0x00000000ec080000)
  from space 2560K, 98% used [0x00000000ec100000,0x00000000ec3786f8,0x00000000ec380000)
  to   space 6656K, 0% used [0x00000000ec700000,0x00000000ec700000,0x00000000ecd80000)
 ParOldGen       total 68608K, used 21480K [0x00000000c0000000, 0x00000000c4300000, 0x00000000eab00000)
  object space 68608K, 31% used [0x00000000c0000000,0x00000000c14fa0d8,0x00000000c4300000)
 Metaspace       used 50887K, committed 51776K, reserved 1114112K
  class space    used 5733K, committed 6144K, reserved 1048576K
}
Event: 21.046 GC heap after
{Heap after GC invocations=18 (full 2):
 PSYoungGen      total 28160K, used 6579K [0x00000000eab00000, 0x00000000ece80000, 0x0000000100000000)
  eden space 21504K, 0% used [0x00000000eab00000,0x00000000eab00000,0x00000000ec000000)
  from space 6656K, 98% used [0x00000000ec700000,0x00000000ecd6cea0,0x00000000ecd80000)
  to   space 7168K, 0% used [0x00000000ec000000,0x00000000ec000000,0x00000000ec700000)
 ParOldGen       total 68608K, used 23936K [0x00000000c0000000, 0x00000000c4300000, 0x00000000eab00000)
  object space 68608K, 34% used [0x00000000c0000000,0x00000000c1760348,0x00000000c4300000)
 Metaspace       used 50887K, committed 51776K, reserved 1114112K
  class space    used 5733K, committed 6144K, reserved 1048576K
}
Event: 21.733 GC heap before
{Heap before GC invocations=19 (full 2):
 PSYoungGen      total 28160K, used 28083K [0x00000000eab00000, 0x00000000ece80000, 0x0000000100000000)
  eden space 21504K, 100% used [0x00000000eab00000,0x00000000ec000000,0x00000000ec000000)
  from space 6656K, 98% used [0x00000000ec700000,0x00000000ecd6cea0,0x00000000ecd80000)
  to   space 7168K, 0% used [0x00000000ec000000,0x00000000ec000000,0x00000000ec700000)
 ParOldGen       total 68608K, used 23936K [0x00000000c0000000, 0x00000000c4300000, 0x00000000eab00000)
  object space 68608K, 34% used [0x00000000c0000000,0x00000000c1760348,0x00000000c4300000)
 Metaspace       used 51464K, committed 52352K, reserved 1114112K
  class space    used 5800K, committed 6208K, reserved 1048576K
}
Event: 21.738 GC heap after
{Heap after GC invocations=19 (full 2):
 PSYoungGen      total 22016K, used 480K [0x00000000eab00000, 0x00000000ec780000, 0x0000000100000000)
  eden space 21504K, 0% used [0x00000000eab00000,0x00000000eab00000,0x00000000ec000000)
  from space 512K, 93% used [0x00000000ec000000,0x00000000ec078000,0x00000000ec080000)
  to   space 3072K, 0% used [0x00000000ec480000,0x00000000ec480000,0x00000000ec780000)
 ParOldGen       total 68608K, used 30412K [0x00000000c0000000, 0x00000000c4300000, 0x00000000eab00000)
  object space 68608K, 44% used [0x00000000c0000000,0x00000000c1db31c0,0x00000000c4300000)
 Metaspace       used 51464K, committed 52352K, reserved 1114112K
  class space    used 5800K, committed 6208K, reserved 1048576K
}
Event: 22.141 GC heap before
{Heap before GC invocations=20 (full 2):
 PSYoungGen      total 22016K, used 21984K [0x00000000eab00000, 0x00000000ec780000, 0x0000000100000000)
  eden space 21504K, 100% used [0x00000000eab00000,0x00000000ec000000,0x00000000ec000000)
  from space 512K, 93% used [0x00000000ec000000,0x00000000ec078000,0x00000000ec080000)
  to   space 3072K, 0% used [0x00000000ec480000,0x00000000ec480000,0x00000000ec780000)
 ParOldGen       total 68608K, used 30412K [0x00000000c0000000, 0x00000000c4300000, 0x00000000eab00000)
  object space 68608K, 44% used [0x00000000c0000000,0x00000000c1db31c0,0x00000000c4300000)
 Metaspace       used 51721K, committed 52608K, reserved 1114112K
  class space    used 5866K, committed 6272K, reserved 1048576K
}
Event: 22.146 GC heap after
{Heap after GC invocations=20 (full 2):
 PSYoungGen      total 23552K, used 3071K [0x00000000eab00000, 0x00000000ecb00000, 0x0000000100000000)
  eden space 20480K, 0% used [0x00000000eab00000,0x00000000eab00000,0x00000000ebf00000)
  from space 3072K, 99% used [0x00000000ec480000,0x00000000ec77fcd8,0x00000000ec780000)
  to   space 5632K, 0% used [0x00000000ebf00000,0x00000000ebf00000,0x00000000ec480000)
 ParOldGen       total 68608K, used 31954K [0x00000000c0000000, 0x00000000c4300000, 0x00000000eab00000)
  object space 68608K, 46% used [0x00000000c0000000,0x00000000c1f349d0,0x00000000c4300000)
 Metaspace       used 51721K, committed 52608K, reserved 1114112K
  class space    used 5866K, committed 6272K, reserved 1048576K
}
Event: 23.379 GC heap before
{Heap before GC invocations=21 (full 2):
 PSYoungGen      total 23552K, used 23551K [0x00000000eab00000, 0x00000000ecb00000, 0x0000000100000000)
  eden space 20480K, 100% used [0x00000000eab00000,0x00000000ebf00000,0x00000000ebf00000)
  from space 3072K, 99% used [0x00000000ec480000,0x00000000ec77fcd8,0x00000000ec780000)
  to   space 5632K, 0% used [0x00000000ebf00000,0x00000000ebf00000,0x00000000ec480000)
 ParOldGen       total 68608K, used 31954K [0x00000000c0000000, 0x00000000c4300000, 0x00000000eab00000)
  object space 68608K, 46% used [0x00000000c0000000,0x00000000c1f349d0,0x00000000c4300000)
 Metaspace       used 53879K, committed 54784K, reserved 1114112K
  class space    used 6240K, committed 6656K, reserved 1048576K
}
Event: 23.383 GC heap after
{Heap after GC invocations=21 (full 2):
 PSYoungGen      total 21504K, used 608K [0x00000000eab00000, 0x00000000ec500000, 0x0000000100000000)
  eden space 20480K, 0% used [0x00000000eab00000,0x00000000eab00000,0x00000000ebf00000)
  from space 1024K, 59% used [0x00000000ebf00000,0x00000000ebf98000,0x00000000ec000000)
  to   space 2560K, 0% used [0x00000000ec280000,0x00000000ec280000,0x00000000ec500000)
 ParOldGen       total 68608K, used 34969K [0x00000000c0000000, 0x00000000c4300000, 0x00000000eab00000)
  object space 68608K, 50% used [0x00000000c0000000,0x00000000c22265b0,0x00000000c4300000)
 Metaspace       used 53879K, committed 54784K, reserved 1114112K
  class space    used 6240K, committed 6656K, reserved 1048576K
}
Event: 24.573 GC heap before
{Heap before GC invocations=22 (full 2):
 PSYoungGen      total 21504K, used 21088K [0x00000000eab00000, 0x00000000ec500000, 0x0000000100000000)
  eden space 20480K, 100% used [0x00000000eab00000,0x00000000ebf00000,0x00000000ebf00000)
  from space 1024K, 59% used [0x00000000ebf00000,0x00000000ebf98000,0x00000000ec000000)
  to   space 2560K, 0% used [0x00000000ec280000,0x00000000ec280000,0x00000000ec500000)
 ParOldGen       total 68608K, used 34969K [0x00000000c0000000, 0x00000000c4300000, 0x00000000eab00000)
  object space 68608K, 50% used [0x00000000c0000000,0x00000000c22265b0,0x00000000c4300000)
 Metaspace       used 56288K, committed 57216K, reserved 1114112K
  class space    used 6595K, committed 7040K, reserved 1048576K
}
Event: 24.588 GC heap after
{Heap after GC invocations=22 (full 2):
 PSYoungGen      total 21504K, used 528K [0x00000000eab00000, 0x00000000ec380000, 0x0000000100000000)
  eden space 20480K, 0% used [0x00000000eab00000,0x00000000eab00000,0x00000000ebf00000)
  from space 1024K, 51% used [0x00000000ec280000,0x00000000ec304010,0x00000000ec380000)
  to   space 1024K, 0% used [0x00000000ebf00000,0x00000000ebf00000,0x00000000ec000000)
 ParOldGen       total 68608K, used 35529K [0x00000000c0000000, 0x00000000c4300000, 0x00000000eab00000)
  object space 68608K, 51% used [0x00000000c0000000,0x00000000c22b2600,0x00000000c4300000)
 Metaspace       used 56288K, committed 57216K, reserved 1114112K
  class space    used 6595K, committed 7040K, reserved 1048576K
}
Event: 55.255 GC heap before
{Heap before GC invocations=23 (full 2):
 PSYoungGen      total 21504K, used 21008K [0x00000000eab00000, 0x00000000ec380000, 0x0000000100000000)
  eden space 20480K, 100% used [0x00000000eab00000,0x00000000ebf00000,0x00000000ebf00000)
  from space 1024K, 51% used [0x00000000ec280000,0x00000000ec304010,0x00000000ec380000)
  to   space 1024K, 0% used [0x00000000ebf00000,0x00000000ebf00000,0x00000000ec000000)
 ParOldGen       total 68608K, used 35529K [0x00000000c0000000, 0x00000000c4300000, 0x00000000eab00000)
  object space 68608K, 51% used [0x00000000c0000000,0x00000000c22b2600,0x00000000c4300000)
 Metaspace       used 58338K, committed 59264K, reserved 1114112K
  class space    used 6834K, committed 7296K, reserved 1048576K
}
Event: 55.317 GC heap after
{Heap after GC invocations=23 (full 2):
 PSYoungGen      total 21504K, used 985K [0x00000000eab00000, 0x00000000ec300000, 0x0000000100000000)
  eden space 20480K, 0% used [0x00000000eab00000,0x00000000eab00000,0x00000000ebf00000)
  from space 1024K, 96% used [0x00000000ebf00000,0x00000000ebff6470,0x00000000ec000000)
  to   space 1536K, 0% used [0x00000000ec180000,0x00000000ec180000,0x00000000ec300000)
 ParOldGen       total 68608K, used 35928K [0x00000000c0000000, 0x00000000c4300000, 0x00000000eab00000)
  object space 68608K, 52% used [0x00000000c0000000,0x00000000c2316310,0x00000000c4300000)
 Metaspace       used 58338K, committed 59264K, reserved 1114112K
  class space    used 6834K, committed 7296K, reserved 1048576K
}
Event: 55.846 GC heap before
{Heap before GC invocations=24 (full 2):
 PSYoungGen      total 21504K, used 4230K [0x00000000eab00000, 0x00000000ec300000, 0x0000000100000000)
  eden space 20480K, 15% used [0x00000000eab00000,0x00000000eae2b560,0x00000000ebf00000)
  from space 1024K, 96% used [0x00000000ebf00000,0x00000000ebff6470,0x00000000ec000000)
  to   space 1536K, 0% used [0x00000000ec180000,0x00000000ec180000,0x00000000ec300000)
 ParOldGen       total 68608K, used 35928K [0x00000000c0000000, 0x00000000c4300000, 0x00000000eab00000)
  object space 68608K, 52% used [0x00000000c0000000,0x00000000c2316310,0x00000000c4300000)
 Metaspace       used 58874K, committed 59776K, reserved 1114112K
  class space    used 6907K, committed 7360K, reserved 1048576K
}
Event: 55.851 GC heap after
{Heap after GC invocations=24 (full 2):
 PSYoungGen      total 20992K, used 160K [0x00000000eab00000, 0x00000000ec200000, 0x0000000100000000)
  eden space 20480K, 0% used [0x00000000eab00000,0x00000000eab00000,0x00000000ebf00000)
  from space 512K, 31% used [0x00000000ec180000,0x00000000ec1a8020,0x00000000ec200000)
  to   space 512K, 0% used [0x00000000ec100000,0x00000000ec100000,0x00000000ec180000)
 ParOldGen       total 68608K, used 36860K [0x00000000c0000000, 0x00000000c4300000, 0x00000000eab00000)
  object space 68608K, 53% used [0x00000000c0000000,0x00000000c23ff338,0x00000000c4300000)
 Metaspace       used 58874K, committed 59776K, reserved 1114112K
  class space    used 6907K, committed 7360K, reserved 1048576K
}
Event: 55.851 GC heap before
{Heap before GC invocations=25 (full 3):
 PSYoungGen      total 20992K, used 160K [0x00000000eab00000, 0x00000000ec200000, 0x0000000100000000)
  eden space 20480K, 0% used [0x00000000eab00000,0x00000000eab00000,0x00000000ebf00000)
  from space 512K, 31% used [0x00000000ec180000,0x00000000ec1a8020,0x00000000ec200000)
  to   space 512K, 0% used [0x00000000ec100000,0x00000000ec100000,0x00000000ec180000)
 ParOldGen       total 68608K, used 36860K [0x00000000c0000000, 0x00000000c4300000, 0x00000000eab00000)
  object space 68608K, 53% used [0x00000000c0000000,0x00000000c23ff338,0x00000000c4300000)
 Metaspace       used 58874K, committed 59776K, reserved 1114112K
  class space    used 6907K, committed 7360K, reserved 1048576K
}
Event: 56.444 GC heap after
{Heap after GC invocations=25 (full 3):
 PSYoungGen      total 20992K, used 0K [0x00000000eab00000, 0x00000000ec200000, 0x0000000100000000)
  eden space 20480K, 0% used [0x00000000eab00000,0x00000000eab00000,0x00000000ebf00000)
  from space 512K, 0% used [0x00000000ec180000,0x00000000ec180000,0x00000000ec200000)
  to   space 512K, 0% used [0x00000000ec100000,0x00000000ec100000,0x00000000ec180000)
 ParOldGen       total 68608K, used 35516K [0x00000000c0000000, 0x00000000c4300000, 0x00000000eab00000)
  object space 68608K, 51% used [0x00000000c0000000,0x00000000c22af068,0x00000000c4300000)
 Metaspace       used 58874K, committed 59776K, reserved 1114112K
  class space    used 6907K, committed 7360K, reserved 1048576K
}
Event: 58.334 GC heap before
{Heap before GC invocations=26 (full 3):
 PSYoungGen      total 20992K, used 20461K [0x00000000eab00000, 0x00000000ec200000, 0x0000000100000000)
  eden space 20480K, 99% used [0x00000000eab00000,0x00000000ebefb568,0x00000000ebf00000)
  from space 512K, 0% used [0x00000000ec180000,0x00000000ec180000,0x00000000ec200000)
  to   space 512K, 0% used [0x00000000ec100000,0x00000000ec100000,0x00000000ec180000)
 ParOldGen       total 68608K, used 35516K [0x00000000c0000000, 0x00000000c4300000, 0x00000000eab00000)
  object space 68608K, 51% used [0x00000000c0000000,0x00000000c22af068,0x00000000c4300000)
 Metaspace       used 61125K, committed 62016K, reserved 1114112K
  class space    used 7175K, committed 7616K, reserved 1048576K
}
Event: 58.342 GC heap after
{Heap after GC invocations=26 (full 3):
 PSYoungGen      total 20992K, used 504K [0x00000000eab00000, 0x00000000ec200000, 0x0000000100000000)
  eden space 20480K, 0% used [0x00000000eab00000,0x00000000eab00000,0x00000000ebf00000)
  from space 512K, 98% used [0x00000000ec100000,0x00000000ec17e098,0x00000000ec180000)
  to   space 512K, 0% used [0x00000000ec180000,0x00000000ec180000,0x00000000ec200000)
 ParOldGen       total 68608K, used 35580K [0x00000000c0000000, 0x00000000c4300000, 0x00000000eab00000)
  object space 68608K, 51% used [0x00000000c0000000,0x00000000c22bf0f8,0x00000000c4300000)
 Metaspace       used 61125K, committed 62016K, reserved 1114112K
  class space    used 7175K, committed 7616K, reserved 1048576K
}
Event: 60.134 GC heap before
{Heap before GC invocations=27 (full 3):
 PSYoungGen      total 20992K, used 20858K [0x00000000eab00000, 0x00000000ec200000, 0x0000000100000000)
  eden space 20480K, 99% used [0x00000000eab00000,0x00000000ebee0888,0x00000000ebf00000)
  from space 512K, 98% used [0x00000000ec100000,0x00000000ec17e098,0x00000000ec180000)
  to   space 512K, 0% used [0x00000000ec180000,0x00000000ec180000,0x00000000ec200000)
 ParOldGen       total 68608K, used 35580K [0x00000000c0000000, 0x00000000c4300000, 0x00000000eab00000)
  object space 68608K, 51% used [0x00000000c0000000,0x00000000c22bf0f8,0x00000000c4300000)
 Metaspace       used 62699K, committed 63616K, reserved 1114112K
  class space    used 7318K, committed 7744K, reserved 1048576K
}
Event: 60.139 GC heap after
{Heap after GC invocations=27 (full 3):
 PSYoungGen      total 20992K, used 489K [0x00000000eab00000, 0x00000000ec200000, 0x0000000100000000)
  eden space 20480K, 0% used [0x00000000eab00000,0x00000000eab00000,0x00000000ebf00000)
  from space 512K, 95% used [0x00000000ec180000,0x00000000ec1fa480,0x00000000ec200000)
  to   space 1024K, 0% used [0x00000000ec000000,0x00000000ec000000,0x00000000ec100000)
 ParOldGen       total 68608K, used 36089K [0x00000000c0000000, 0x00000000c4300000, 0x00000000eab00000)
  object space 68608K, 52% used [0x00000000c0000000,0x00000000c233e428,0x00000000c4300000)
 Metaspace       used 62699K, committed 63616K, reserved 1114112K
  class space    used 7318K, committed 7744K, reserved 1048576K
}

