# JRE version: OpenJDK Runtime Environment Temurin-17.0.7+7 (17.0.7+7) (build 17.0.7+7)
# Java VM: OpenJDK 64-Bit Server VM Temurin-17.0.7+7 (17.0.7+7, mixed mode, tiered, compressed oops, compressed class ptrs, parallel gc, windows-amd64)
GC Precious Log:
 CPUs: 2 total, 2 available
 Memory: 2047M
 Large Page Support: Disabled
 NUMA Support: Disabled
 Compressed Oops: Enabled (32-bit)
 Alignments: Space 512K, Generation 512K, Heap 2M
 Heap Min Capacity: 100M
 Heap Initial Capacity: 100M
 Heap Max Capacity: 1G
 Pre-touch: Disabled
 Parallel Workers: 2
Heap:
 PSYoungGen      total 6144K, used 3761K [0x00000000eab00000, 0x00000000eb500000, 0x0000000100000000)
  eden space 5632K, 57% used [0x00000000eab00000,0x00000000eae2ec90,0x00000000eb080000)
  from space 512K, 98% used [0x00000000eb480000,0x00000000eb4fd808,0x00000000eb500000)
  to   space 1536K, 0% used [0x00000000eb200000,0x00000000eb200000,0x00000000eb380000)
 ParOldGen       total 175104K, used 164852K [0x00000000c0000000, 0x00000000cab00000, 0x00000000eab00000)
  object space 175104K, 94% used [0x00000000c0000000,0x00000000ca0fd080,0x00000000cab00000)
 Metaspace       used 67685K, committed 68672K, reserved 1114112K
  class space    used 8219K, committed 8640K, reserved 1048576K
GC Heap History (20 events):
Event: 70.197 GC heap before
{Heap before GC invocations=88 (full 7):
 PSYoungGen      total 11776K, used 11730K [0x00000000eab00000, 0x00000000ebe00000, 0x0000000100000000)
  eden space 5632K, 100% used [0x00000000eab00000,0x00000000eb080000,0x00000000eb080000)
  from space 6144K, 99% used [0x00000000eb700000,0x00000000ebcf49c0,0x00000000ebd00000)
  to   space 6656K, 0% used [0x00000000eb080000,0x00000000eb080000,0x00000000eb700000)
 ParOldGen       total 175104K, used 150670K [0x00000000c0000000, 0x00000000cab00000, 0x00000000eab00000)
  object space 175104K, 86% used [0x00000000c0000000,0x00000000c9323888,0x00000000cab00000)
 Metaspace       used 67429K, committed 68288K, reserved 1114112K
  class space    used 8195K, committed 8576K, reserved 1048576K
}
Event: 70.216 GC heap after
{Heap after GC invocations=88 (full 7):
 PSYoungGen      total 10240K, used 4115K [0x00000000eab00000, 0x00000000eba80000, 0x0000000100000000)
  eden space 5632K, 0% used [0x00000000eab00000,0x00000000eab00000,0x00000000eb080000)
  from space 4608K, 89% used [0x00000000eb080000,0x00000000eb484fd0,0x00000000eb500000)
  to   space 5120K, 0% used [0x00000000eb580000,0x00000000eb580000,0x00000000eba80000)
 ParOldGen       total 175104K, used 155989K [0x00000000c0000000, 0x00000000cab00000, 0x00000000eab00000)
  object space 175104K, 89% used [0x00000000c0000000,0x00000000c98556b0,0x00000000cab00000)
 Metaspace       used 67429K, committed 68288K, reserved 1114112K
  class space    used 8195K, committed 8576K, reserved 1048576K
}
Event: 76.387 GC heap before
{Heap before GC invocations=89 (full 7):
 PSYoungGen      total 10240K, used 9747K [0x00000000eab00000, 0x00000000eba80000, 0x0000000100000000)
  eden space 5632K, 100% used [0x00000000eab00000,0x00000000eb080000,0x00000000eb080000)
  from space 4608K, 89% used [0x00000000eb080000,0x00000000eb484fd0,0x00000000eb500000)
  to   space 5120K, 0% used [0x00000000eb580000,0x00000000eb580000,0x00000000eba80000)
 ParOldGen       total 175104K, used 155989K [0x00000000c0000000, 0x00000000cab00000, 0x00000000eab00000)
  object space 175104K, 89% used [0x00000000c0000000,0x00000000c98556b0,0x00000000cab00000)
 Metaspace       used 67588K, committed 68544K, reserved 1114112K
  class space    used 8218K, committed 8640K, reserved 1048576K
}
Event: 76.405 GC heap after
{Heap after GC invocations=89 (full 7):
 PSYoungGen      total 8192K, used 2272K [0x00000000eab00000, 0x00000000eb800000, 0x0000000100000000)
  eden space 5632K, 0% used [0x00000000eab00000,0x00000000eab00000,0x00000000eb080000)
  from space 2560K, 88% used [0x00000000eb580000,0x00000000eb7b8390,0x00000000eb800000)
  to   space 3584K, 0% used [0x00000000eb100000,0x00000000eb100000,0x00000000eb480000)
 ParOldGen       total 175104K, used 159957K [0x00000000c0000000, 0x00000000cab00000, 0x00000000eab00000)
  object space 175104K, 91% used [0x00000000c0000000,0x00000000c9c35630,0x00000000cab00000)
 Metaspace       used 67588K, committed 68544K, reserved 1114112K
  class space    used 8218K, committed 8640K, reserved 1048576K
}
Event: 76.616 GC heap before
{Heap before GC invocations=90 (full 7):
 PSYoungGen      total 8192K, used 7904K [0x00000000eab00000, 0x00000000eb800000, 0x0000000100000000)
  eden space 5632K, 100% used [0x00000000eab00000,0x00000000eb080000,0x00000000eb080000)
  from space 2560K, 88% used [0x00000000eb580000,0x00000000eb7b8390,0x00000000eb800000)
  to   space 3584K, 0% used [0x00000000eb100000,0x00000000eb100000,0x00000000eb480000)
 ParOldGen       total 175104K, used 159957K [0x00000000c0000000, 0x00000000cab00000, 0x00000000eab00000)
  object space 175104K, 91% used [0x00000000c0000000,0x00000000c9c35630,0x00000000cab00000)
 Metaspace       used 67588K, committed 68544K, reserved 1114112K
  class space    used 8218K, committed 8640K, reserved 1048576K
}
Event: 76.723 GC heap after
{Heap after GC invocations=90 (full 7):
 PSYoungGen      total 9216K, used 635K [0x00000000eab00000, 0x00000000eb600000, 0x0000000100000000)
  eden space 5632K, 0% used [0x00000000eab00000,0x00000000eab00000,0x00000000eb080000)
  from space 3584K, 17% used [0x00000000eb100000,0x00000000eb19ec08,0x00000000eb480000)
  to   space 1536K, 0% used [0x00000000eb480000,0x00000000eb480000,0x00000000eb600000)
 ParOldGen       total 175104K, used 162190K [0x00000000c0000000, 0x00000000cab00000, 0x00000000eab00000)
  object space 175104K, 92% used [0x00000000c0000000,0x00000000c9e63860,0x00000000cab00000)
 Metaspace       used 67588K, committed 68544K, reserved 1114112K
  class space    used 8218K, committed 8640K, reserved 1048576K
}
Event: 78.582 GC heap before
{Heap before GC invocations=91 (full 7):
 PSYoungGen      total 9216K, used 6267K [0x00000000eab00000, 0x00000000eb600000, 0x0000000100000000)
  eden space 5632K, 100% used [0x00000000eab00000,0x00000000eb080000,0x00000000eb080000)
  from space 3584K, 17% used [0x00000000eb100000,0x00000000eb19ec08,0x00000000eb480000)
  to   space 1536K, 0% used [0x00000000eb480000,0x00000000eb480000,0x00000000eb600000)
 ParOldGen       total 175104K, used 162190K [0x00000000c0000000, 0x00000000cab00000, 0x00000000eab00000)
  object space 175104K, 92% used [0x00000000c0000000,0x00000000c9e63860,0x00000000cab00000)
 Metaspace       used 67592K, committed 68544K, reserved 1114112K
  class space    used 8218K, committed 8640K, reserved 1048576K
}
Event: 78.590 GC heap after
{Heap after GC invocations=91 (full 7):
 PSYoungGen      total 6656K, used 662K [0x00000000eab00000, 0x00000000eb580000, 0x0000000100000000)
  eden space 5632K, 0% used [0x00000000eab00000,0x00000000eab00000,0x00000000eb080000)
  from space 1024K, 64% used [0x00000000eb480000,0x00000000eb525808,0x00000000eb580000)
  to   space 1024K, 0% used [0x00000000eb380000,0x00000000eb380000,0x00000000eb480000)
 ParOldGen       total 175104K, used 162762K [0x00000000c0000000, 0x00000000cab00000, 0x00000000eab00000)
  object space 175104K, 92% used [0x00000000c0000000,0x00000000c9ef2a68,0x00000000cab00000)
 Metaspace       used 67592K, committed 68544K, reserved 1114112K
  class space    used 8218K, committed 8640K, reserved 1048576K
}
Event: 79.318 GC heap before
{Heap before GC invocations=92 (full 7):
 PSYoungGen      total 6656K, used 6294K [0x00000000eab00000, 0x00000000eb580000, 0x0000000100000000)
  eden space 5632K, 100% used [0x00000000eab00000,0x00000000eb080000,0x00000000eb080000)
  from space 1024K, 64% used [0x00000000eb480000,0x00000000eb525808,0x00000000eb580000)
  to   space 1024K, 0% used [0x00000000eb380000,0x00000000eb380000,0x00000000eb480000)
 ParOldGen       total 175104K, used 162762K [0x00000000c0000000, 0x00000000cab00000, 0x00000000eab00000)
  object space 175104K, 92% used [0x00000000c0000000,0x00000000c9ef2a68,0x00000000cab00000)
 Metaspace       used 67593K, committed 68544K, reserved 1114112K
  class space    used 8218K, committed 8640K, reserved 1048576K
}
Event: 79.324 GC heap after
{Heap after GC invocations=92 (full 7):
 PSYoungGen      total 6656K, used 748K [0x00000000eab00000, 0x00000000eb500000, 0x0000000100000000)
  eden space 5632K, 0% used [0x00000000eab00000,0x00000000eab00000,0x00000000eb080000)
  from space 1024K, 73% used [0x00000000eb380000,0x00000000eb43b008,0x00000000eb480000)
  to   space 512K, 0% used [0x00000000eb480000,0x00000000eb480000,0x00000000eb500000)
 ParOldGen       total 175104K, used 163346K [0x00000000c0000000, 0x00000000cab00000, 0x00000000eab00000)
  object space 175104K, 93% used [0x00000000c0000000,0x00000000c9f84a68,0x00000000cab00000)
 Metaspace       used 67593K, committed 68544K, reserved 1114112K
  class space    used 8218K, committed 8640K, reserved 1048576K
}
Event: 84.087 GC heap before
{Heap before GC invocations=93 (full 7):
 PSYoungGen      total 6656K, used 6380K [0x00000000eab00000, 0x00000000eb500000, 0x0000000100000000)
  eden space 5632K, 100% used [0x00000000eab00000,0x00000000eb080000,0x00000000eb080000)
  from space 1024K, 73% used [0x00000000eb380000,0x00000000eb43b008,0x00000000eb480000)
  to   space 512K, 0% used [0x00000000eb480000,0x00000000eb480000,0x00000000eb500000)
 ParOldGen       total 175104K, used 163346K [0x00000000c0000000, 0x00000000cab00000, 0x00000000eab00000)
  object space 175104K, 93% used [0x00000000c0000000,0x00000000c9f84a68,0x00000000cab00000)
 Metaspace       used 67630K, committed 68544K, reserved 1114112K
  class space    used 8218K, committed 8640K, reserved 1048576K
}
Event: 84.094 GC heap after
{Heap after GC invocations=93 (full 7):
 PSYoungGen      total 6144K, used 448K [0x00000000eab00000, 0x00000000eb500000, 0x0000000100000000)
  eden space 5632K, 0% used [0x00000000eab00000,0x00000000eab00000,0x00000000eb080000)
  from space 512K, 87% used [0x00000000eb480000,0x00000000eb4f0000,0x00000000eb500000)
  to   space 1024K, 0% used [0x00000000eb300000,0x00000000eb300000,0x00000000eb400000)
 ParOldGen       total 175104K, used 164038K [0x00000000c0000000, 0x00000000cab00000, 0x00000000eab00000)
  object space 175104K, 93% used [0x00000000c0000000,0x00000000ca031a70,0x00000000cab00000)
 Metaspace       used 67630K, committed 68544K, reserved 1114112K
  class space    used 8218K, committed 8640K, reserved 1048576K
}
Event: 90.530 GC heap before
{Heap before GC invocations=94 (full 7):
 PSYoungGen      total 6144K, used 6065K [0x00000000eab00000, 0x00000000eb500000, 0x0000000100000000)
  eden space 5632K, 99% used [0x00000000eab00000,0x00000000eb07c558,0x00000000eb080000)
  from space 512K, 87% used [0x00000000eb480000,0x00000000eb4f0000,0x00000000eb500000)
  to   space 1024K, 0% used [0x00000000eb300000,0x00000000eb300000,0x00000000eb400000)
 ParOldGen       total 175104K, used 164038K [0x00000000c0000000, 0x00000000cab00000, 0x00000000eab00000)
  object space 175104K, 93% used [0x00000000c0000000,0x00000000ca031a70,0x00000000cab00000)
 Metaspace       used 67645K, committed 68608K, reserved 1114112K
  class space    used 8219K, committed 8640K, reserved 1048576K
}
Event: 90.551 GC heap after
{Heap after GC invocations=94 (full 7):
 PSYoungGen      total 6656K, used 256K [0x00000000eab00000, 0x00000000eb500000, 0x0000000100000000)
  eden space 5632K, 0% used [0x00000000eab00000,0x00000000eab00000,0x00000000eb080000)
  from space 1024K, 25% used [0x00000000eb300000,0x00000000eb340000,0x00000000eb400000)
  to   space 512K, 0% used [0x00000000eb480000,0x00000000eb480000,0x00000000eb500000)
 ParOldGen       total 175104K, used 164380K [0x00000000c0000000, 0x00000000cab00000, 0x00000000eab00000)
  object space 175104K, 93% used [0x00000000c0000000,0x00000000ca087080,0x00000000cab00000)
 Metaspace       used 67645K, committed 68608K, reserved 1114112K
  class space    used 8219K, committed 8640K, reserved 1048576K
}
Event: 92.412 GC heap before
{Heap before GC invocations=95 (full 7):
 PSYoungGen      total 6656K, used 5860K [0x00000000eab00000, 0x00000000eb500000, 0x0000000100000000)
  eden space 5632K, 99% used [0x00000000eab00000,0x00000000eb079238,0x00000000eb080000)
  from space 1024K, 25% used [0x00000000eb300000,0x00000000eb340000,0x00000000eb400000)
  to   space 512K, 0% used [0x00000000eb480000,0x00000000eb480000,0x00000000eb500000)
 ParOldGen       total 175104K, used 164380K [0x00000000c0000000, 0x00000000cab00000, 0x00000000eab00000)
  object space 175104K, 93% used [0x00000000c0000000,0x00000000ca087080,0x00000000cab00000)
 Metaspace       used 67647K, committed 68608K, reserved 1114112K
  class space    used 8219K, committed 8640K, reserved 1048576K
}
Event: 92.441 GC heap after
{Heap after GC invocations=95 (full 7):
 PSYoungGen      total 6144K, used 512K [0x00000000eab00000, 0x00000000eb500000, 0x0000000100000000)
  eden space 5632K, 0% used [0x00000000eab00000,0x00000000eab00000,0x00000000eb080000)
  from space 512K, 100% used [0x00000000eb480000,0x00000000eb500000,0x00000000eb500000)
  to   space 1024K, 0% used [0x00000000eb300000,0x00000000eb300000,0x00000000eb400000)
 ParOldGen       total 175104K, used 164388K [0x00000000c0000000, 0x00000000cab00000, 0x00000000eab00000)
  object space 175104K, 93% used [0x00000000c0000000,0x00000000ca089080,0x00000000cab00000)
 Metaspace       used 67647K, committed 68608K, reserved 1114112K
  class space    used 8219K, committed 8640K, reserved 1048576K
}
Event: 95.262 GC heap before
{Heap before GC invocations=96 (full 7):
 PSYoungGen      total 6144K, used 6144K [0x00000000eab00000, 0x00000000eb500000, 0x0000000100000000)
  eden space 5632K, 100% used [0x00000000eab00000,0x00000000eb080000,0x00000000eb080000)
  from space 512K, 100% used [0x00000000eb480000,0x00000000eb500000,0x00000000eb500000)
  to   space 1024K, 0% used [0x00000000eb300000,0x00000000eb300000,0x00000000eb400000)
 ParOldGen       total 175104K, used 164388K [0x00000000c0000000, 0x00000000cab00000, 0x00000000eab00000)
  object space 175104K, 93% used [0x00000000c0000000,0x00000000ca089080,0x00000000cab00000)
 Metaspace       used 67666K, committed 68608K, reserved 1114112K
  class space    used 8219K, committed 8640K, reserved 1048576K
}
Event: 95.272 GC heap after
{Heap after GC invocations=96 (full 7):
 PSYoungGen      total 6656K, used 416K [0x00000000eab00000, 0x00000000eb500000, 0x0000000100000000)
  eden space 5632K, 0% used [0x00000000eab00000,0x00000000eab00000,0x00000000eb080000)
  from space 1024K, 40% used [0x00000000eb300000,0x00000000eb368000,0x00000000eb400000)
  to   space 512K, 0% used [0x00000000eb480000,0x00000000eb480000,0x00000000eb500000)
 ParOldGen       total 175104K, used 164404K [0x00000000c0000000, 0x00000000cab00000, 0x00000000eab00000)
  object space 175104K, 93% used [0x00000000c0000000,0x00000000ca08d080,0x00000000cab00000)
 Metaspace       used 67666K, committed 68608K, reserved 1114112K
  class space    used 8219K, committed 8640K, reserved 1048576K
}
Event: 99.251 GC heap before
{Heap before GC invocations=97 (full 7):
 PSYoungGen      total 6656K, used 6047K [0x00000000eab00000, 0x00000000eb500000, 0x0000000100000000)
  eden space 5632K, 99% used [0x00000000eab00000,0x00000000eb07fff8,0x00000000eb080000)
  from space 1024K, 40% used [0x00000000eb300000,0x00000000eb368000,0x00000000eb400000)
  to   space 512K, 0% used [0x00000000eb480000,0x00000000eb480000,0x00000000eb500000)
 ParOldGen       total 175104K, used 164404K [0x00000000c0000000, 0x00000000cab00000, 0x00000000eab00000)
  object space 175104K, 93% used [0x00000000c0000000,0x00000000ca08d080,0x00000000cab00000)
 Metaspace       used 67680K, committed 68608K, reserved 1114112K
  class space    used 8219K, committed 8640K, reserved 1048576K
}
Event: 99.257 GC heap after
{Heap after GC invocations=97 (full 7):
 PSYoungGen      total 6144K, used 502K [0x00000000eab00000, 0x00000000eb500000, 0x0000000100000000)
  eden space 5632K, 0% used [0x00000000eab00000,0x00000000eab00000,0x00000000eb080000)
  from space 512K, 98% used [0x00000000eb480000,0x00000000eb4fd808,0x00000000eb500000)
  to   space 1536K, 0% used [0x00000000eb200000,0x00000000eb200000,0x00000000eb380000)
 ParOldGen       total 175104K, used 164852K [0x00000000c0000000, 0x00000000cab00000, 0x00000000eab00000)
  object space 175104K, 94% used [0x00000000c0000000,0x00000000ca0fd080,0x00000000cab00000)
 Metaspace       used 67680K, committed 68608K, reserved 1114112K
  class space    used 8219K, committed 8640K, reserved 1048576K
}

