# JRE version: Java(TM) SE Runtime Environment (8.0_371) (build 1.8.0_371-b11)
# Java VM: Java HotSpot(TM) 64-Bit Server VM (25.371-b11 mixed mode windows-amd64 compressed oops)
Heap:
 PSYoungGen      total 160768K, used 7899K [0x00000000f5580000, 0x0000000100000000, 0x0000000100000000)
  eden space 153088K, 5% used [0x00000000f5580000,0x00000000f5d36c68,0x00000000feb00000)
  from space 7680K, 0% used [0x00000000feb00000,0x00000000feb00000,0x00000000ff280000)
  to   space 13824K, 0% used [0x00000000ff280000,0x00000000ff280000,0x0000000100000000)
 ParOldGen       total 175104K, used 14463K [0x00000000e0000000, 0x00000000eab00000, 0x00000000f5580000)
  object space 175104K, 8% used [0x00000000e0000000,0x00000000e0e1fe10,0x00000000eab00000)
 Metaspace       used 34131K, capacity 35732K, committed 36056K, reserved 1079296K
  class space    used 4892K, capacity 5231K, committed 5336K, reserved 1048576K
GC Heap History (10 events):
Event: 3.617 GC heap before
{Heap before GC invocations=1 (full 0):
 PSYoungGen      total 76288K, used 65536K [0x00000000f5580000, 0x00000000faa80000, 0x0000000100000000)
  eden space 65536K, 100% used [0x00000000f5580000,0x00000000f9580000,0x00000000f9580000)
  from space 10752K, 0% used [0x00000000fa000000,0x00000000fa000000,0x00000000faa80000)
  to   space 10752K, 0% used [0x00000000f9580000,0x00000000f9580000,0x00000000fa000000)
 ParOldGen       total 175104K, used 0K [0x00000000e0000000, 0x00000000eab00000, 0x00000000f5580000)
  object space 175104K, 0% used [0x00000000e0000000,0x00000000e0000000,0x00000000eab00000)
 Metaspace       used 7310K, capacity 7568K, committed 7680K, reserved 1056768K
  class space    used 933K, capacity 1020K, committed 1024K, reserved 1048576K
Event: 3.729 GC heap after
Heap after GC invocations=1 (full 0):
 PSYoungGen      total 76288K, used 5945K [0x00000000f5580000, 0x00000000fea80000, 0x0000000100000000)
  eden space 65536K, 0% used [0x00000000f5580000,0x00000000f5580000,0x00000000f9580000)
  from space 10752K, 55% used [0x00000000f9580000,0x00000000f9b4e758,0x00000000fa000000)
  to   space 10752K, 0% used [0x00000000fe000000,0x00000000fe000000,0x00000000fea80000)
 ParOldGen       total 175104K, used 8K [0x00000000e0000000, 0x00000000eab00000, 0x00000000f5580000)
  object space 175104K, 0% used [0x00000000e0000000,0x00000000e0002000,0x00000000eab00000)
 Metaspace       used 7310K, capacity 7568K, committed 7680K, reserved 1056768K
  class space    used 933K, capacity 1020K, committed 1024K, reserved 1048576K
}
Event: 8.648 GC heap before
{Heap before GC invocations=2 (full 0):
 PSYoungGen      total 76288K, used 71481K [0x00000000f5580000, 0x00000000fea80000, 0x0000000100000000)
  eden space 65536K, 100% used [0x00000000f5580000,0x00000000f9580000,0x00000000f9580000)
  from space 10752K, 55% used [0x00000000f9580000,0x00000000f9b4e758,0x00000000fa000000)
  to   space 10752K, 0% used [0x00000000fe000000,0x00000000fe000000,0x00000000fea80000)
 ParOldGen       total 175104K, used 8K [0x00000000e0000000, 0x00000000eab00000, 0x00000000f5580000)
  object space 175104K, 0% used [0x00000000e0000000,0x00000000e0002000,0x00000000eab00000)
 Metaspace       used 13952K, capacity 14382K, committed 14720K, reserved 1062912K
  class space    used 1933K, capacity 2059K, committed 2176K, reserved 1048576K
Event: 8.695 GC heap after
Heap after GC invocations=2 (full 0):
 PSYoungGen      total 141824K, used 9245K [0x00000000f5580000, 0x00000000fea80000, 0x0000000100000000)
  eden space 131072K, 0% used [0x00000000f5580000,0x00000000f5580000,0x00000000fd580000)
  from space 10752K, 85% used [0x00000000fe000000,0x00000000fe907548,0x00000000fea80000)
  to   space 10752K, 0% used [0x00000000fd580000,0x00000000fd580000,0x00000000fe000000)
 ParOldGen       total 175104K, used 16K [0x00000000e0000000, 0x00000000eab00000, 0x00000000f5580000)
  object space 175104K, 0% used [0x00000000e0000000,0x00000000e0004000,0x00000000eab00000)
 Metaspace       used 13952K, capacity 14382K, committed 14720K, reserved 1062912K
  class space    used 1933K, capacity 2059K, committed 2176K, reserved 1048576K
}
Event: 13.085 GC heap before
{Heap before GC invocations=3 (full 0):
 PSYoungGen      total 141824K, used 121897K [0x00000000f5580000, 0x00000000fea80000, 0x0000000100000000)
  eden space 131072K, 85% used [0x00000000f5580000,0x00000000fc383160,0x00000000fd580000)
  from space 10752K, 85% used [0x00000000fe000000,0x00000000fe907548,0x00000000fea80000)
  to   space 10752K, 0% used [0x00000000fd580000,0x00000000fd580000,0x00000000fe000000)
 ParOldGen       total 175104K, used 16K [0x00000000e0000000, 0x00000000eab00000, 0x00000000f5580000)
  object space 175104K, 0% used [0x00000000e0000000,0x00000000e0004000,0x00000000eab00000)
 Metaspace       used 20265K, capacity 21120K, committed 21248K, reserved 1067008K
  class space    used 3000K, capacity 3210K, committed 3328K, reserved 1048576K
Event: 13.152 GC heap after
Heap after GC invocations=3 (full 0):
 PSYoungGen      total 141824K, used 10724K [0x00000000f5580000, 0x0000000100000000, 0x0000000100000000)
  eden space 131072K, 0% used [0x00000000f5580000,0x00000000f5580000,0x00000000fd580000)
  from space 10752K, 99% used [0x00000000fd580000,0x00000000fdff9100,0x00000000fe000000)
  to   space 10752K, 0% used [0x00000000ff580000,0x00000000ff580000,0x0000000100000000)
 ParOldGen       total 175104K, used 2881K [0x00000000e0000000, 0x00000000eab00000, 0x00000000f5580000)
  object space 175104K, 1% used [0x00000000e0000000,0x00000000e02d0460,0x00000000eab00000)
 Metaspace       used 20265K, capacity 21120K, committed 21248K, reserved 1067008K
  class space    used 3000K, capacity 3210K, committed 3328K, reserved 1048576K
}
Event: 13.152 GC heap before
{Heap before GC invocations=4 (full 1):
 PSYoungGen      total 141824K, used 10724K [0x00000000f5580000, 0x0000000100000000, 0x0000000100000000)
  eden space 131072K, 0% used [0x00000000f5580000,0x00000000f5580000,0x00000000fd580000)
  from space 10752K, 99% used [0x00000000fd580000,0x00000000fdff9100,0x00000000fe000000)
  to   space 10752K, 0% used [0x00000000ff580000,0x00000000ff580000,0x0000000100000000)
 ParOldGen       total 175104K, used 2881K [0x00000000e0000000, 0x00000000eab00000, 0x00000000f5580000)
  object space 175104K, 1% used [0x00000000e0000000,0x00000000e02d0460,0x00000000eab00000)
 Metaspace       used 20265K, capacity 21120K, committed 21248K, reserved 1067008K
  class space    used 3000K, capacity 3210K, committed 3328K, reserved 1048576K
Event: 13.260 GC heap after
Heap after GC invocations=4 (full 1):
 PSYoungGen      total 141824K, used 0K [0x00000000f5580000, 0x0000000100000000, 0x0000000100000000)
  eden space 131072K, 0% used [0x00000000f5580000,0x00000000f5580000,0x00000000fd580000)
  from space 10752K, 0% used [0x00000000fd580000,0x00000000fd580000,0x00000000fe000000)
  to   space 10752K, 0% used [0x00000000ff580000,0x00000000ff580000,0x0000000100000000)
 ParOldGen       total 175104K, used 13172K [0x00000000e0000000, 0x00000000eab00000, 0x00000000f5580000)
  object space 175104K, 7% used [0x00000000e0000000,0x00000000e0cdd240,0x00000000eab00000)
 Metaspace       used 20265K, capacity 21120K, committed 21248K, reserved 1067008K
  class space    used 3000K, capacity 3210K, committed 3328K, reserved 1048576K
}
Event: 21.658 GC heap before
{Heap before GC invocations=5 (full 1):
 PSYoungGen      total 141824K, used 131072K [0x00000000f5580000, 0x0000000100000000, 0x0000000100000000)
  eden space 131072K, 100% used [0x00000000f5580000,0x00000000fd580000,0x00000000fd580000)
  from space 10752K, 0% used [0x00000000fd580000,0x00000000fd580000,0x00000000fe000000)
  to   space 10752K, 0% used [0x00000000ff580000,0x00000000ff580000,0x0000000100000000)
 ParOldGen       total 175104K, used 13172K [0x00000000e0000000, 0x00000000eab00000, 0x00000000f5580000)
  object space 175104K, 7% used [0x00000000e0000000,0x00000000e0cdd240,0x00000000eab00000)
 Metaspace       used 31820K, capacity 33350K, committed 33408K, reserved 1077248K
  class space    used 4668K, capacity 4992K, committed 4992K, reserved 1048576K
Event: 21.747 GC heap after
Heap after GC invocations=5 (full 1):
 PSYoungGen      total 163840K, used 10749K [0x00000000f5580000, 0x0000000100000000, 0x0000000100000000)
  eden space 153088K, 0% used [0x00000000f5580000,0x00000000f5580000,0x00000000feb00000)
  from space 10752K, 99% used [0x00000000ff580000,0x00000000fffff6b8,0x0000000100000000)
  to   space 10752K, 0% used [0x00000000feb00000,0x00000000feb00000,0x00000000ff580000)
 ParOldGen       total 175104K, used 15729K [0x00000000e0000000, 0x00000000eab00000, 0x00000000f5580000)
  object space 175104K, 8% used [0x00000000e0000000,0x00000000e0f5c4e8,0x00000000eab00000)
 Metaspace       used 31820K, capacity 33350K, committed 33408K, reserved 1077248K
  class space    used 4668K, capacity 4992K, committed 4992K, reserved 1048576K
}

