# JRE version: OpenJDK Runtime Environment Temurin-17.0.7+7 (17.0.7+7) (build 17.0.7+7)
# Java VM: OpenJDK 64-Bit Server VM Temurin-17.0.7+7 (17.0.7+7, mixed mode, tiered, compressed oops, compressed class ptrs, parallel gc, windows-amd64)
GC Precious Log:
 CPUs: 2 total, 2 available
 Memory: 2047M
 Large Page Support: Disabled
 NUMA Support: Disabled
 Compressed Oops: Enabled (32-bit)
 Alignments: Space 512K, Generation 512K, Heap 2M
 Heap Min Capacity: 100M
 Heap Initial Capacity: 100M
 Heap Max Capacity: 1G
 Pre-touch: Disabled
 Parallel Workers: 2
Heap:
 PSYoungGen      total 11776K, used 2332K [0x00000000eab00000, 0x00000000ebc00000, 0x0000000100000000)
  eden space 11264K, 19% used [0x00000000eab00000,0x00000000ead1f0c0,0x00000000eb600000)
  from space 512K, 31% used [0x00000000ebb80000,0x00000000ebba8000,0x00000000ebc00000)
  to   space 512K, 0% used [0x00000000ebb00000,0x00000000ebb00000,0x00000000ebb80000)
 ParOldGen       total 68608K, used 36743K [0x00000000c0000000, 0x00000000c4300000, 0x00000000eab00000)
  object space 68608K, 53% used [0x00000000c0000000,0x00000000c23e1f78,0x00000000c4300000)
 Metaspace       used 62626K, committed 63616K, reserved 1114112K
  class space    used 7636K, committed 8064K, reserved 1048576K
GC Heap History (20 events):
Event: 26.751 GC heap before
{Heap before GC invocations=28 (full 2):
 PSYoungGen      total 12288K, used 11600K [0x00000000eab00000, 0x00000000ebc80000, 0x0000000100000000)
  eden space 11264K, 100% used [0x00000000eab00000,0x00000000eb600000,0x00000000eb600000)
  from space 1024K, 32% used [0x00000000eba80000,0x00000000ebad4010,0x00000000ebb80000)
  to   space 512K, 0% used [0x00000000ebc00000,0x00000000ebc00000,0x00000000ebc80000)
 ParOldGen       total 68608K, used 35923K [0x00000000c0000000, 0x00000000c4300000, 0x00000000eab00000)
  object space 68608K, 52% used [0x00000000c0000000,0x00000000c2314ee0,0x00000000c4300000)
 Metaspace       used 56910K, committed 57792K, reserved 1114112K
  class space    used 6627K, committed 6976K, reserved 1048576K
}
Event: 26.755 GC heap after
{Heap after GC invocations=28 (full 2):
 PSYoungGen      total 11776K, used 408K [0x00000000eab00000, 0x00000000ebc80000, 0x0000000100000000)
  eden space 11264K, 0% used [0x00000000eab00000,0x00000000eab00000,0x00000000eb600000)
  from space 512K, 79% used [0x00000000ebc00000,0x00000000ebc66150,0x00000000ebc80000)
  to   space 512K, 0% used [0x00000000ebb80000,0x00000000ebb80000,0x00000000ebc00000)
 ParOldGen       total 68608K, used 36178K [0x00000000c0000000, 0x00000000c4300000, 0x00000000eab00000)
  object space 68608K, 52% used [0x00000000c0000000,0x00000000c2354bf0,0x00000000c4300000)
 Metaspace       used 56910K, committed 57792K, reserved 1114112K
  class space    used 6627K, committed 6976K, reserved 1048576K
}
Event: 27.301 GC heap before
{Heap before GC invocations=29 (full 2):
 PSYoungGen      total 11776K, used 11672K [0x00000000eab00000, 0x00000000ebc80000, 0x0000000100000000)
  eden space 11264K, 100% used [0x00000000eab00000,0x00000000eb600000,0x00000000eb600000)
  from space 512K, 79% used [0x00000000ebc00000,0x00000000ebc66150,0x00000000ebc80000)
  to   space 512K, 0% used [0x00000000ebb80000,0x00000000ebb80000,0x00000000ebc00000)
 ParOldGen       total 68608K, used 36178K [0x00000000c0000000, 0x00000000c4300000, 0x00000000eab00000)
  object space 68608K, 52% used [0x00000000c0000000,0x00000000c2354bf0,0x00000000c4300000)
 Metaspace       used 57751K, committed 58624K, reserved 1114112K
  class space    used 6757K, committed 7104K, reserved 1048576K
}
Event: 27.303 GC heap after
{Heap after GC invocations=29 (full 2):
 PSYoungGen      total 11776K, used 500K [0x00000000eab00000, 0x00000000ebc80000, 0x0000000100000000)
  eden space 11264K, 0% used [0x00000000eab00000,0x00000000eab00000,0x00000000eb600000)
  from space 512K, 97% used [0x00000000ebb80000,0x00000000ebbfd2c0,0x00000000ebc00000)
  to   space 512K, 0% used [0x00000000ebc00000,0x00000000ebc00000,0x00000000ebc80000)
 ParOldGen       total 68608K, used 36492K [0x00000000c0000000, 0x00000000c4300000, 0x00000000eab00000)
  object space 68608K, 53% used [0x00000000c0000000,0x00000000c23a3108,0x00000000c4300000)
 Metaspace       used 57751K, committed 58624K, reserved 1114112K
  class space    used 6757K, committed 7104K, reserved 1048576K
}
Event: 27.499 GC heap before
{Heap before GC invocations=30 (full 2):
 PSYoungGen      total 11776K, used 11764K [0x00000000eab00000, 0x00000000ebc80000, 0x0000000100000000)
  eden space 11264K, 100% used [0x00000000eab00000,0x00000000eb600000,0x00000000eb600000)
  from space 512K, 97% used [0x00000000ebb80000,0x00000000ebbfd2c0,0x00000000ebc00000)
  to   space 512K, 0% used [0x00000000ebc00000,0x00000000ebc00000,0x00000000ebc80000)
 ParOldGen       total 68608K, used 36492K [0x00000000c0000000, 0x00000000c4300000, 0x00000000eab00000)
  object space 68608K, 53% used [0x00000000c0000000,0x00000000c23a3108,0x00000000c4300000)
 Metaspace       used 58608K, committed 59456K, reserved 1114112K
  class space    used 6926K, committed 7232K, reserved 1048576K
}
Event: 27.500 GC heap after
{Heap after GC invocations=30 (full 2):
 PSYoungGen      total 11776K, used 224K [0x00000000eab00000, 0x00000000ebc80000, 0x0000000100000000)
  eden space 11264K, 0% used [0x00000000eab00000,0x00000000eab00000,0x00000000eb600000)
  from space 512K, 43% used [0x00000000ebc00000,0x00000000ebc380a8,0x00000000ebc80000)
  to   space 512K, 0% used [0x00000000ebb80000,0x00000000ebb80000,0x00000000ebc00000)
 ParOldGen       total 68608K, used 36984K [0x00000000c0000000, 0x00000000c4300000, 0x00000000eab00000)
  object space 68608K, 53% used [0x00000000c0000000,0x00000000c241e220,0x00000000c4300000)
 Metaspace       used 58608K, committed 59456K, reserved 1114112K
  class space    used 6926K, committed 7232K, reserved 1048576K
}
Event: 27.544 GC heap before
{Heap before GC invocations=31 (full 2):
 PSYoungGen      total 11776K, used 4005K [0x00000000eab00000, 0x00000000ebc80000, 0x0000000100000000)
  eden space 11264K, 33% used [0x00000000eab00000,0x00000000eaeb15f0,0x00000000eb600000)
  from space 512K, 43% used [0x00000000ebc00000,0x00000000ebc380a8,0x00000000ebc80000)
  to   space 512K, 0% used [0x00000000ebb80000,0x00000000ebb80000,0x00000000ebc00000)
 ParOldGen       total 68608K, used 36984K [0x00000000c0000000, 0x00000000c4300000, 0x00000000eab00000)
  object space 68608K, 53% used [0x00000000c0000000,0x00000000c241e220,0x00000000c4300000)
 Metaspace       used 58907K, committed 59776K, reserved 1114112K
  class space    used 6991K, committed 7296K, reserved 1048576K
}
Event: 27.547 GC heap after
{Heap after GC invocations=31 (full 2):
 PSYoungGen      total 11776K, used 64K [0x00000000eab00000, 0x00000000ebc80000, 0x0000000100000000)
  eden space 11264K, 0% used [0x00000000eab00000,0x00000000eab00000,0x00000000eb600000)
  from space 512K, 12% used [0x00000000ebb80000,0x00000000ebb90000,0x00000000ebc00000)
  to   space 512K, 0% used [0x00000000ebc00000,0x00000000ebc00000,0x00000000ebc80000)
 ParOldGen       total 68608K, used 37076K [0x00000000c0000000, 0x00000000c4300000, 0x00000000eab00000)
  object space 68608K, 54% used [0x00000000c0000000,0x00000000c2435380,0x00000000c4300000)
 Metaspace       used 58907K, committed 59776K, reserved 1114112K
  class space    used 6991K, committed 7296K, reserved 1048576K
}
Event: 27.547 GC heap before
{Heap before GC invocations=32 (full 3):
 PSYoungGen      total 11776K, used 64K [0x00000000eab00000, 0x00000000ebc80000, 0x0000000100000000)
  eden space 11264K, 0% used [0x00000000eab00000,0x00000000eab00000,0x00000000eb600000)
  from space 512K, 12% used [0x00000000ebb80000,0x00000000ebb90000,0x00000000ebc00000)
  to   space 512K, 0% used [0x00000000ebc00000,0x00000000ebc00000,0x00000000ebc80000)
 ParOldGen       total 68608K, used 37076K [0x00000000c0000000, 0x00000000c4300000, 0x00000000eab00000)
  object space 68608K, 54% used [0x00000000c0000000,0x00000000c2435380,0x00000000c4300000)
 Metaspace       used 58907K, committed 59776K, reserved 1114112K
  class space    used 6991K, committed 7296K, reserved 1048576K
}
Event: 27.662 GC heap after
{Heap after GC invocations=32 (full 3):
 PSYoungGen      total 11776K, used 0K [0x00000000eab00000, 0x00000000ebc80000, 0x0000000100000000)
  eden space 11264K, 0% used [0x00000000eab00000,0x00000000eab00000,0x00000000eb600000)
  from space 512K, 0% used [0x00000000ebb80000,0x00000000ebb80000,0x00000000ebc00000)
  to   space 512K, 0% used [0x00000000ebc00000,0x00000000ebc00000,0x00000000ebc80000)
 ParOldGen       total 68608K, used 35464K [0x00000000c0000000, 0x00000000c4300000, 0x00000000eab00000)
  object space 68608K, 51% used [0x00000000c0000000,0x00000000c22a21f8,0x00000000c4300000)
 Metaspace       used 58907K, committed 59776K, reserved 1114112K
  class space    used 6991K, committed 7296K, reserved 1048576K
}
Event: 27.863 GC heap before
{Heap before GC invocations=33 (full 3):
 PSYoungGen      total 11776K, used 11264K [0x00000000eab00000, 0x00000000ebc80000, 0x0000000100000000)
  eden space 11264K, 100% used [0x00000000eab00000,0x00000000eb600000,0x00000000eb600000)
  from space 512K, 0% used [0x00000000ebb80000,0x00000000ebb80000,0x00000000ebc00000)
  to   space 512K, 0% used [0x00000000ebc00000,0x00000000ebc00000,0x00000000ebc80000)
 ParOldGen       total 68608K, used 35464K [0x00000000c0000000, 0x00000000c4300000, 0x00000000eab00000)
  object space 68608K, 51% used [0x00000000c0000000,0x00000000c22a21f8,0x00000000c4300000)
 Metaspace       used 59589K, committed 60480K, reserved 1114112K
  class space    used 7159K, committed 7488K, reserved 1048576K
}
Event: 27.865 GC heap after
{Heap after GC invocations=33 (full 3):
 PSYoungGen      total 11776K, used 128K [0x00000000eab00000, 0x00000000ebc80000, 0x0000000100000000)
  eden space 11264K, 0% used [0x00000000eab00000,0x00000000eab00000,0x00000000eb600000)
  from space 512K, 25% used [0x00000000ebc00000,0x00000000ebc20000,0x00000000ebc80000)
  to   space 512K, 0% used [0x00000000ebb80000,0x00000000ebb80000,0x00000000ebc00000)
 ParOldGen       total 68608K, used 35464K [0x00000000c0000000, 0x00000000c4300000, 0x00000000eab00000)
  object space 68608K, 51% used [0x00000000c0000000,0x00000000c22a21f8,0x00000000c4300000)
 Metaspace       used 59589K, committed 60480K, reserved 1114112K
  class space    used 7159K, committed 7488K, reserved 1048576K
}
Event: 28.387 GC heap before
{Heap before GC invocations=34 (full 3):
 PSYoungGen      total 11776K, used 11391K [0x00000000eab00000, 0x00000000ebc80000, 0x0000000100000000)
  eden space 11264K, 99% used [0x00000000eab00000,0x00000000eb5fffe0,0x00000000eb600000)
  from space 512K, 25% used [0x00000000ebc00000,0x00000000ebc20000,0x00000000ebc80000)
  to   space 512K, 0% used [0x00000000ebb80000,0x00000000ebb80000,0x00000000ebc00000)
 ParOldGen       total 68608K, used 35464K [0x00000000c0000000, 0x00000000c4300000, 0x00000000eab00000)
  object space 68608K, 51% used [0x00000000c0000000,0x00000000c22a21f8,0x00000000c4300000)
 Metaspace       used 60140K, committed 60928K, reserved 1114112K
  class space    used 7309K, committed 7616K, reserved 1048576K
}
Event: 28.389 GC heap after
{Heap after GC invocations=34 (full 3):
 PSYoungGen      total 11776K, used 237K [0x00000000eab00000, 0x00000000ebc80000, 0x0000000100000000)
  eden space 11264K, 0% used [0x00000000eab00000,0x00000000eab00000,0x00000000eb600000)
  from space 512K, 46% used [0x00000000ebb80000,0x00000000ebbbb7e0,0x00000000ebc00000)
  to   space 512K, 0% used [0x00000000ebc00000,0x00000000ebc00000,0x00000000ebc80000)
 ParOldGen       total 68608K, used 35544K [0x00000000c0000000, 0x00000000c4300000, 0x00000000eab00000)
  object space 68608K, 51% used [0x00000000c0000000,0x00000000c22b61f8,0x00000000c4300000)
 Metaspace       used 60140K, committed 60928K, reserved 1114112K
  class space    used 7309K, committed 7616K, reserved 1048576K
}
Event: 28.842 GC heap before
{Heap before GC invocations=35 (full 3):
 PSYoungGen      total 11776K, used 11501K [0x00000000eab00000, 0x00000000ebc80000, 0x0000000100000000)
  eden space 11264K, 100% used [0x00000000eab00000,0x00000000eb600000,0x00000000eb600000)
  from space 512K, 46% used [0x00000000ebb80000,0x00000000ebbbb7e0,0x00000000ebc00000)
  to   space 512K, 0% used [0x00000000ebc00000,0x00000000ebc00000,0x00000000ebc80000)
 ParOldGen       total 68608K, used 35544K [0x00000000c0000000, 0x00000000c4300000, 0x00000000eab00000)
  object space 68608K, 51% used [0x00000000c0000000,0x00000000c22b61f8,0x00000000c4300000)
 Metaspace       used 61122K, committed 61952K, reserved 1114112K
  class space    used 7478K, committed 7808K, reserved 1048576K
}
Event: 28.845 GC heap after
{Heap after GC invocations=35 (full 3):
 PSYoungGen      total 11776K, used 512K [0x00000000eab00000, 0x00000000ebc80000, 0x0000000100000000)
  eden space 11264K, 0% used [0x00000000eab00000,0x00000000eab00000,0x00000000eb600000)
  from space 512K, 100% used [0x00000000ebc00000,0x00000000ebc80000,0x00000000ebc80000)
  to   space 1024K, 0% used [0x00000000eba80000,0x00000000eba80000,0x00000000ebb80000)
 ParOldGen       total 68608K, used 35655K [0x00000000c0000000, 0x00000000c4300000, 0x00000000eab00000)
  object space 68608K, 51% used [0x00000000c0000000,0x00000000c22d1f08,0x00000000c4300000)
 Metaspace       used 61122K, committed 61952K, reserved 1114112K
  class space    used 7478K, committed 7808K, reserved 1048576K
}
Event: 37.745 GC heap before
{Heap before GC invocations=36 (full 3):
 PSYoungGen      total 11776K, used 11776K [0x00000000eab00000, 0x00000000ebc80000, 0x0000000100000000)
  eden space 11264K, 100% used [0x00000000eab00000,0x00000000eb600000,0x00000000eb600000)
  from space 512K, 100% used [0x00000000ebc00000,0x00000000ebc80000,0x00000000ebc80000)
  to   space 1024K, 0% used [0x00000000eba80000,0x00000000eba80000,0x00000000ebb80000)
 ParOldGen       total 68608K, used 35655K [0x00000000c0000000, 0x00000000c4300000, 0x00000000eab00000)
  object space 68608K, 51% used [0x00000000c0000000,0x00000000c22d1f08,0x00000000c4300000)
 Metaspace       used 62063K, committed 63040K, reserved 1114112K
  class space    used 7593K, committed 8000K, reserved 1048576K
}
Event: 37.750 GC heap after
{Heap after GC invocations=36 (full 3):
 PSYoungGen      total 12288K, used 672K [0x00000000eab00000, 0x00000000ebc80000, 0x0000000100000000)
  eden space 11264K, 0% used [0x00000000eab00000,0x00000000eab00000,0x00000000eb600000)
  from space 1024K, 65% used [0x00000000eba80000,0x00000000ebb28000,0x00000000ebb80000)
  to   space 1024K, 0% used [0x00000000ebb80000,0x00000000ebb80000,0x00000000ebc80000)
 ParOldGen       total 68608K, used 36123K [0x00000000c0000000, 0x00000000c4300000, 0x00000000eab00000)
  object space 68608K, 52% used [0x00000000c0000000,0x00000000c2346f48,0x00000000c4300000)
 Metaspace       used 62063K, committed 63040K, reserved 1114112K
  class space    used 7593K, committed 8000K, reserved 1048576K
}
Event: 59.374 GC heap before
{Heap before GC invocations=37 (full 3):
 PSYoungGen      total 12288K, used 11936K [0x00000000eab00000, 0x00000000ebc80000, 0x0000000100000000)
  eden space 11264K, 100% used [0x00000000eab00000,0x00000000eb600000,0x00000000eb600000)
  from space 1024K, 65% used [0x00000000eba80000,0x00000000ebb28000,0x00000000ebb80000)
  to   space 1024K, 0% used [0x00000000ebb80000,0x00000000ebb80000,0x00000000ebc80000)
 ParOldGen       total 68608K, used 36123K [0x00000000c0000000, 0x00000000c4300000, 0x00000000eab00000)
  object space 68608K, 52% used [0x00000000c0000000,0x00000000c2346f48,0x00000000c4300000)
 Metaspace       used 62522K, committed 63424K, reserved 1114112K
  class space    used 7620K, committed 8000K, reserved 1048576K
}
Event: 59.394 GC heap after
{Heap after GC invocations=37 (full 3):
 PSYoungGen      total 11776K, used 160K [0x00000000eab00000, 0x00000000ebc00000, 0x0000000100000000)
  eden space 11264K, 0% used [0x00000000eab00000,0x00000000eab00000,0x00000000eb600000)
  from space 512K, 31% used [0x00000000ebb80000,0x00000000ebba8000,0x00000000ebc00000)
  to   space 512K, 0% used [0x00000000ebb00000,0x00000000ebb00000,0x00000000ebb80000)
 ParOldGen       total 68608K, used 36743K [0x00000000c0000000, 0x00000000c4300000, 0x00000000eab00000)
  object space 68608K, 53% used [0x00000000c0000000,0x00000000c23e1f78,0x00000000c4300000)
 Metaspace       used 62522K, committed 63424K, reserved 1114112K
  class space    used 7620K, committed 8000K, reserved 1048576K
}

