# JRE version: OpenJDK Runtime Environment Temurin-17.0.7+7 (17.0.7+7) (build 17.0.7+7)
# Java VM: OpenJDK 64-Bit Server VM Temurin-17.0.7+7 (17.0.7+7, mixed mode, tiered, compressed oops, compressed class ptrs, parallel gc, windows-amd64)
GC Precious Log:
 CPUs: 2 total, 2 available
 Memory: 2047M
 Large Page Support: Disabled
 NUMA Support: Disabled
 Compressed Oops: Enabled (32-bit)
 Alignments: Space 512K, Generation 512K, Heap 2M
 Heap Min Capacity: 100M
 Heap Initial Capacity: 100M
 Heap Max Capacity: 1G
 Pre-touch: Disabled
 Parallel Workers: 2
Heap:
 PSYoungGen      total 26112K, used 4527K [0x00000000eab00000, 0x00000000eca00000, 0x0000000100000000)
  eden space 22528K, 4% used [0x00000000eab00000,0x00000000eabebe28,0x00000000ec100000)
  from space 3584K, 100% used [0x00000000ec580000,0x00000000ec900000,0x00000000ec900000)
  to   space 4096K, 0% used [0x00000000ec100000,0x00000000ec100000,0x00000000ec500000)
 ParOldGen       total 202240K, used 132766K [0x00000000c0000000, 0x00000000cc580000, 0x00000000eab00000)
  object space 202240K, 65% used [0x00000000c0000000,0x00000000c81a7aa8,0x00000000cc580000)
 Metaspace       used 79549K, committed 80768K, reserved 1179648K
  class space    used 9361K, committed 9920K, reserved 1048576K
GC Heap History (20 events):
Event: 52.261 GC heap before
{Heap before GC invocations=84 (full 6):
 PSYoungGen      total 25088K, used 25077K [0x00000000eab00000, 0x00000000ece00000, 0x0000000100000000)
  eden space 22016K, 100% used [0x00000000eab00000,0x00000000ec080000,0x00000000ec080000)
  from space 3072K, 99% used [0x00000000ec600000,0x00000000ec8fd538,0x00000000ec900000)
  to   space 5632K, 0% used [0x00000000ec080000,0x00000000ec080000,0x00000000ec600000)
 ParOldGen       total 132096K, used 113208K [0x00000000c0000000, 0x00000000c8100000, 0x00000000eab00000)
  object space 132096K, 85% used [0x00000000c0000000,0x00000000c6e8e280,0x00000000c8100000)
 Metaspace       used 77539K, committed 78848K, reserved 1179648K
  class space    used 9137K, committed 9728K, reserved 1048576K
}
Event: 52.280 GC heap after
{Heap after GC invocations=84 (full 6):
 PSYoungGen      total 27648K, used 2653K [0x00000000eab00000, 0x00000000ec980000, 0x0000000100000000)
  eden space 22016K, 0% used [0x00000000eab00000,0x00000000eab00000,0x00000000ec080000)
  from space 5632K, 47% used [0x00000000ec080000,0x00000000ec317470,0x00000000ec600000)
  to   space 3584K, 0% used [0x00000000ec600000,0x00000000ec600000,0x00000000ec980000)
 ParOldGen       total 132096K, used 116275K [0x00000000c0000000, 0x00000000c8100000, 0x00000000eab00000)
  object space 132096K, 88% used [0x00000000c0000000,0x00000000c718cd08,0x00000000c8100000)
 Metaspace       used 77539K, committed 78848K, reserved 1179648K
  class space    used 9137K, committed 9728K, reserved 1048576K
}
Event: 53.764 GC heap before
{Heap before GC invocations=85 (full 6):
 PSYoungGen      total 27648K, used 24669K [0x00000000eab00000, 0x00000000ec980000, 0x0000000100000000)
  eden space 22016K, 100% used [0x00000000eab00000,0x00000000ec080000,0x00000000ec080000)
  from space 5632K, 47% used [0x00000000ec080000,0x00000000ec317470,0x00000000ec600000)
  to   space 3584K, 0% used [0x00000000ec600000,0x00000000ec600000,0x00000000ec980000)
 ParOldGen       total 132096K, used 116275K [0x00000000c0000000, 0x00000000c8100000, 0x00000000eab00000)
  object space 132096K, 88% used [0x00000000c0000000,0x00000000c718cd08,0x00000000c8100000)
 Metaspace       used 77946K, committed 79168K, reserved 1179648K
  class space    used 9178K, committed 9728K, reserved 1048576K
}
Event: 53.776 GC heap after
{Heap after GC invocations=85 (full 6):
 PSYoungGen      total 25088K, used 3567K [0x00000000eab00000, 0x00000000ecc80000, 0x0000000100000000)
  eden space 21504K, 0% used [0x00000000eab00000,0x00000000eab00000,0x00000000ec000000)
  from space 3584K, 99% used [0x00000000ec600000,0x00000000ec97bfd8,0x00000000ec980000)
  to   space 6144K, 0% used [0x00000000ec000000,0x00000000ec000000,0x00000000ec600000)
 ParOldGen       total 132096K, used 118099K [0x00000000c0000000, 0x00000000c8100000, 0x00000000eab00000)
  object space 132096K, 89% used [0x00000000c0000000,0x00000000c7354d08,0x00000000c8100000)
 Metaspace       used 77946K, committed 79168K, reserved 1179648K
  class space    used 9178K, committed 9728K, reserved 1048576K
}
Event: 53.910 GC heap before
{Heap before GC invocations=86 (full 6):
 PSYoungGen      total 25088K, used 25071K [0x00000000eab00000, 0x00000000ecc80000, 0x0000000100000000)
  eden space 21504K, 100% used [0x00000000eab00000,0x00000000ec000000,0x00000000ec000000)
  from space 3584K, 99% used [0x00000000ec600000,0x00000000ec97bfd8,0x00000000ec980000)
  to   space 6144K, 0% used [0x00000000ec000000,0x00000000ec000000,0x00000000ec600000)
 ParOldGen       total 132096K, used 118099K [0x00000000c0000000, 0x00000000c8100000, 0x00000000eab00000)
  object space 132096K, 89% used [0x00000000c0000000,0x00000000c7354d08,0x00000000c8100000)
 Metaspace       used 77946K, committed 79168K, reserved 1179648K
  class space    used 9178K, committed 9728K, reserved 1048576K
}
Event: 53.929 GC heap after
{Heap after GC invocations=86 (full 6):
 PSYoungGen      total 27648K, used 4288K [0x00000000eab00000, 0x00000000ecc00000, 0x0000000100000000)
  eden space 21504K, 0% used [0x00000000eab00000,0x00000000eab00000,0x00000000ec000000)
  from space 6144K, 69% used [0x00000000ec000000,0x00000000ec430008,0x00000000ec600000)
  to   space 5120K, 0% used [0x00000000ec700000,0x00000000ec700000,0x00000000ecc00000)
 ParOldGen       total 132096K, used 121699K [0x00000000c0000000, 0x00000000c8100000, 0x00000000eab00000)
  object space 132096K, 92% used [0x00000000c0000000,0x00000000c76d8e98,0x00000000c8100000)
 Metaspace       used 77946K, committed 79168K, reserved 1179648K
  class space    used 9178K, committed 9728K, reserved 1048576K
}
Event: 55.108 GC heap before
{Heap before GC invocations=87 (full 6):
 PSYoungGen      total 27648K, used 25792K [0x00000000eab00000, 0x00000000ecc00000, 0x0000000100000000)
  eden space 21504K, 100% used [0x00000000eab00000,0x00000000ec000000,0x00000000ec000000)
  from space 6144K, 69% used [0x00000000ec000000,0x00000000ec430008,0x00000000ec600000)
  to   space 5120K, 0% used [0x00000000ec700000,0x00000000ec700000,0x00000000ecc00000)
 ParOldGen       total 132096K, used 121699K [0x00000000c0000000, 0x00000000c8100000, 0x00000000eab00000)
  object space 132096K, 92% used [0x00000000c0000000,0x00000000c76d8e98,0x00000000c8100000)
 Metaspace       used 78051K, committed 79296K, reserved 1179648K
  class space    used 9182K, committed 9728K, reserved 1048576K
}
Event: 55.119 GC heap after
{Heap after GC invocations=87 (full 6):
 PSYoungGen      total 26624K, used 5088K [0x00000000eab00000, 0x00000000ece00000, 0x0000000100000000)
  eden space 21504K, 0% used [0x00000000eab00000,0x00000000eab00000,0x00000000ec000000)
  from space 5120K, 99% used [0x00000000ec700000,0x00000000ecbf8008,0x00000000ecc00000)
  to   space 7168K, 0% used [0x00000000ec000000,0x00000000ec000000,0x00000000ec700000)
 ParOldGen       total 132096K, used 123299K [0x00000000c0000000, 0x00000000c8100000, 0x00000000eab00000)
  object space 132096K, 93% used [0x00000000c0000000,0x00000000c7868e98,0x00000000c8100000)
 Metaspace       used 78051K, committed 79296K, reserved 1179648K
  class space    used 9182K, committed 9728K, reserved 1048576K
}
Event: 55.587 GC heap before
{Heap before GC invocations=88 (full 6):
 PSYoungGen      total 26624K, used 26592K [0x00000000eab00000, 0x00000000ece00000, 0x0000000100000000)
  eden space 21504K, 100% used [0x00000000eab00000,0x00000000ec000000,0x00000000ec000000)
  from space 5120K, 99% used [0x00000000ec700000,0x00000000ecbf8008,0x00000000ecc00000)
  to   space 7168K, 0% used [0x00000000ec000000,0x00000000ec000000,0x00000000ec700000)
 ParOldGen       total 132096K, used 123299K [0x00000000c0000000, 0x00000000c8100000, 0x00000000eab00000)
  object space 132096K, 93% used [0x00000000c0000000,0x00000000c7868e98,0x00000000c8100000)
 Metaspace       used 78837K, committed 80064K, reserved 1179648K
  class space    used 9298K, committed 9856K, reserved 1048576K
}
Event: 55.621 GC heap after
{Heap after GC invocations=88 (full 6):
 PSYoungGen      total 24064K, used 2304K [0x00000000eab00000, 0x00000000ec800000, 0x0000000100000000)
  eden space 21504K, 0% used [0x00000000eab00000,0x00000000eab00000,0x00000000ec000000)
  from space 2560K, 90% used [0x00000000ec000000,0x00000000ec240000,0x00000000ec280000)
  to   space 4096K, 0% used [0x00000000ec400000,0x00000000ec400000,0x00000000ec800000)
 ParOldGen       total 132096K, used 128427K [0x00000000c0000000, 0x00000000c8100000, 0x00000000eab00000)
  object space 132096K, 97% used [0x00000000c0000000,0x00000000c7d6aea0,0x00000000c8100000)
 Metaspace       used 78837K, committed 80064K, reserved 1179648K
  class space    used 9298K, committed 9856K, reserved 1048576K
}
Event: 55.621 GC heap before
{Heap before GC invocations=89 (full 7):
 PSYoungGen      total 24064K, used 2304K [0x00000000eab00000, 0x00000000ec800000, 0x0000000100000000)
  eden space 21504K, 0% used [0x00000000eab00000,0x00000000eab00000,0x00000000ec000000)
  from space 2560K, 90% used [0x00000000ec000000,0x00000000ec240000,0x00000000ec280000)
  to   space 4096K, 0% used [0x00000000ec400000,0x00000000ec400000,0x00000000ec800000)
 ParOldGen       total 132096K, used 128427K [0x00000000c0000000, 0x00000000c8100000, 0x00000000eab00000)
  object space 132096K, 97% used [0x00000000c0000000,0x00000000c7d6aea0,0x00000000c8100000)
 Metaspace       used 78837K, committed 80064K, reserved 1179648K
  class space    used 9298K, committed 9856K, reserved 1048576K
}
Event: 56.047 GC heap after
{Heap after GC invocations=89 (full 7):
 PSYoungGen      total 25600K, used 0K [0x00000000eab00000, 0x00000000ec800000, 0x0000000100000000)
  eden space 21504K, 0% used [0x00000000eab00000,0x00000000eab00000,0x00000000ec000000)
  from space 4096K, 0% used [0x00000000ec400000,0x00000000ec400000,0x00000000ec800000)
  to   space 4096K, 0% used [0x00000000ec000000,0x00000000ec000000,0x00000000ec400000)
 ParOldGen       total 132096K, used 127377K [0x00000000c0000000, 0x00000000c8100000, 0x00000000eab00000)
  object space 132096K, 96% used [0x00000000c0000000,0x00000000c7c64440,0x00000000c8100000)
 Metaspace       used 78837K, committed 80064K, reserved 1179648K
  class space    used 9298K, committed 9856K, reserved 1048576K
}
Event: 56.960 GC heap before
{Heap before GC invocations=90 (full 8):
 PSYoungGen      total 25600K, used 21504K [0x00000000eab00000, 0x00000000ec800000, 0x0000000100000000)
  eden space 21504K, 100% used [0x00000000eab00000,0x00000000ec000000,0x00000000ec000000)
  from space 4096K, 0% used [0x00000000ec400000,0x00000000ec400000,0x00000000ec800000)
  to   space 4096K, 0% used [0x00000000ec000000,0x00000000ec000000,0x00000000ec400000)
 ParOldGen       total 132096K, used 127377K [0x00000000c0000000, 0x00000000c8100000, 0x00000000eab00000)
  object space 132096K, 96% used [0x00000000c0000000,0x00000000c7c64440,0x00000000c8100000)
 Metaspace       used 78993K, committed 80256K, reserved 1179648K
  class space    used 9315K, committed 9920K, reserved 1048576K
}
Event: 57.296 GC heap after
{Heap after GC invocations=90 (full 8):
 PSYoungGen      total 25600K, used 0K [0x00000000eab00000, 0x00000000ec980000, 0x0000000100000000)
  eden space 21504K, 0% used [0x00000000eab00000,0x00000000eab00000,0x00000000ec000000)
  from space 4096K, 0% used [0x00000000ec000000,0x00000000ec000000,0x00000000ec400000)
  to   space 4096K, 0% used [0x00000000ec580000,0x00000000ec580000,0x00000000ec980000)
 ParOldGen       total 132096K, used 129145K [0x00000000c0000000, 0x00000000c8100000, 0x00000000eab00000)
  object space 132096K, 97% used [0x00000000c0000000,0x00000000c7e1e5c0,0x00000000c8100000)
 Metaspace       used 78993K, committed 80256K, reserved 1179648K
  class space    used 9315K, committed 9920K, reserved 1048576K
}
Event: 57.441 GC heap before
{Heap before GC invocations=91 (full 9):
 PSYoungGen      total 25600K, used 21503K [0x00000000eab00000, 0x00000000ec980000, 0x0000000100000000)
  eden space 21504K, 99% used [0x00000000eab00000,0x00000000ebffffd8,0x00000000ec000000)
  from space 4096K, 0% used [0x00000000ec000000,0x00000000ec000000,0x00000000ec400000)
  to   space 4096K, 0% used [0x00000000ec580000,0x00000000ec580000,0x00000000ec980000)
 ParOldGen       total 132096K, used 129145K [0x00000000c0000000, 0x00000000c8100000, 0x00000000eab00000)
  object space 132096K, 97% used [0x00000000c0000000,0x00000000c7e1e5c0,0x00000000c8100000)
 Metaspace       used 79185K, committed 80448K, reserved 1179648K
  class space    used 9346K, committed 9920K, reserved 1048576K
}
Event: 57.690 GC heap after
{Heap after GC invocations=91 (full 9):
 PSYoungGen      total 26112K, used 0K [0x00000000eab00000, 0x00000000ec900000, 0x0000000100000000)
  eden space 22528K, 0% used [0x00000000eab00000,0x00000000eab00000,0x00000000ec100000)
  from space 3584K, 0% used [0x00000000ec580000,0x00000000ec580000,0x00000000ec900000)
  to   space 4096K, 0% used [0x00000000ec100000,0x00000000ec100000,0x00000000ec500000)
 ParOldGen       total 132096K, used 131608K [0x00000000c0000000, 0x00000000c8100000, 0x00000000eab00000)
  object space 132096K, 99% used [0x00000000c0000000,0x00000000c8086118,0x00000000c8100000)
 Metaspace       used 79185K, committed 80448K, reserved 1179648K
  class space    used 9346K, committed 9920K, reserved 1048576K
}
Event: 58.293 GC heap before
{Heap before GC invocations=92 (full 10):
 PSYoungGen      total 26112K, used 22528K [0x00000000eab00000, 0x00000000ec900000, 0x0000000100000000)
  eden space 22528K, 100% used [0x00000000eab00000,0x00000000ec100000,0x00000000ec100000)
  from space 3584K, 0% used [0x00000000ec580000,0x00000000ec580000,0x00000000ec900000)
  to   space 4096K, 0% used [0x00000000ec100000,0x00000000ec100000,0x00000000ec500000)
 ParOldGen       total 132096K, used 131608K [0x00000000c0000000, 0x00000000c8100000, 0x00000000eab00000)
  object space 132096K, 99% used [0x00000000c0000000,0x00000000c8086118,0x00000000c8100000)
 Metaspace       used 79453K, committed 80704K, reserved 1179648K
  class space    used 9352K, committed 9920K, reserved 1048576K
}
Event: 58.626 GC heap after
{Heap after GC invocations=92 (full 10):
 PSYoungGen      total 26624K, used 2239K [0x00000000eab00000, 0x00000000eca00000, 0x0000000100000000)
  eden space 22528K, 9% used [0x00000000eab00000,0x00000000ead2fdf8,0x00000000ec100000)
  from space 4096K, 0% used [0x00000000ec100000,0x00000000ec100000,0x00000000ec500000)
  to   space 3584K, 0% used [0x00000000ec580000,0x00000000ec580000,0x00000000ec900000)
 ParOldGen       total 202240K, used 132062K [0x00000000c0000000, 0x00000000cc580000, 0x00000000eab00000)
  object space 202240K, 65% used [0x00000000c0000000,0x00000000c80f7aa8,0x00000000cc580000)
 Metaspace       used 79453K, committed 80704K, reserved 1179648K
  class space    used 9352K, committed 9920K, reserved 1048576K
}
Event: 59.661 GC heap before
{Heap before GC invocations=93 (full 10):
 PSYoungGen      total 26624K, used 22527K [0x00000000eab00000, 0x00000000eca00000, 0x0000000100000000)
  eden space 22528K, 99% used [0x00000000eab00000,0x00000000ec0ffff8,0x00000000ec100000)
  from space 4096K, 0% used [0x00000000ec100000,0x00000000ec100000,0x00000000ec500000)
  to   space 3584K, 0% used [0x00000000ec580000,0x00000000ec580000,0x00000000ec900000)
 ParOldGen       total 202240K, used 132062K [0x00000000c0000000, 0x00000000cc580000, 0x00000000eab00000)
  object space 202240K, 65% used [0x00000000c0000000,0x00000000c80f7aa8,0x00000000cc580000)
 Metaspace       used 79502K, committed 80768K, reserved 1179648K
  class space    used 9356K, committed 9920K, reserved 1048576K
}
Event: 59.758 GC heap after
{Heap after GC invocations=93 (full 10):
 PSYoungGen      total 26112K, used 3584K [0x00000000eab00000, 0x00000000eca00000, 0x0000000100000000)
  eden space 22528K, 0% used [0x00000000eab00000,0x00000000eab00000,0x00000000ec100000)
  from space 3584K, 100% used [0x00000000ec580000,0x00000000ec900000,0x00000000ec900000)
  to   space 4096K, 0% used [0x00000000ec100000,0x00000000ec100000,0x00000000ec500000)
 ParOldGen       total 202240K, used 132766K [0x00000000c0000000, 0x00000000cc580000, 0x00000000eab00000)
  object space 202240K, 65% used [0x00000000c0000000,0x00000000c81a7aa8,0x00000000cc580000)
 Metaspace       used 79502K, committed 80768K, reserved 1179648K
  class space    used 9356K, committed 9920K, reserved 1048576K
}

